CRITICAL - 2022-01-11 03:31:10 --> Invalid file: services/jac.php
#0 C:\xampp\htdocs\perum_ppd\system\View\View.php(198): CodeIgniter\Exceptions\FrameworkException::forInvalidFile('services/jac.ph...')
#1 C:\xampp\htdocs\perum_ppd\system\Common.php(1092): CodeIgniter\View\View->render('services/jac', Array, true)
#2 C:\xampp\htdocs\perum_ppd\app\Controllers\Services.php(23): view('services/jac')
#3 C:\xampp\htdocs\perum_ppd\system\CodeIgniter.php(802): App\Controllers\Services->jac()
#4 C:\xampp\htdocs\perum_ppd\system\CodeIgniter.php(399): CodeIgniter\CodeIgniter->runController(Object(App\Controllers\Services))
#5 C:\xampp\htdocs\perum_ppd\system\CodeIgniter.php(317): CodeIgniter\CodeIgniter->handleRequest(NULL, Object(Config\Cache), false)
#6 C:\xampp\htdocs\perum_ppd\index.php(37): CodeIgniter\CodeIgniter->run()
#7 {main}
CRITICAL - 2022-01-11 03:31:31 --> Invalid file: /services/jac.php
#0 C:\xampp\htdocs\perum_ppd\system\View\View.php(198): CodeIgniter\Exceptions\FrameworkException::forInvalidFile('/services/jac.p...')
#1 C:\xampp\htdocs\perum_ppd\system\Common.php(1092): CodeIgniter\View\View->render('/services/jac', Array, true)
#2 C:\xampp\htdocs\perum_ppd\app\Controllers\Services.php(23): view('/services/jac')
#3 C:\xampp\htdocs\perum_ppd\system\CodeIgniter.php(802): App\Controllers\Services->jac()
#4 C:\xampp\htdocs\perum_ppd\system\CodeIgniter.php(399): CodeIgniter\CodeIgniter->runController(Object(App\Controllers\Services))
#5 C:\xampp\htdocs\perum_ppd\system\CodeIgniter.php(317): CodeIgniter\CodeIgniter->handleRequest(NULL, Object(Config\Cache), false)
#6 C:\xampp\htdocs\perum_ppd\index.php(37): CodeIgniter\CodeIgniter->run()
#7 {main}
CRITICAL - 2022-01-11 03:31:32 --> Invalid file: /services/jac.php
#0 C:\xampp\htdocs\perum_ppd\system\View\View.php(198): CodeIgniter\Exceptions\FrameworkException::forInvalidFile('/services/jac.p...')
#1 C:\xampp\htdocs\perum_ppd\system\Common.php(1092): CodeIgniter\View\View->render('/services/jac', Array, true)
#2 C:\xampp\htdocs\perum_ppd\app\Controllers\Services.php(23): view('/services/jac')
#3 C:\xampp\htdocs\perum_ppd\system\CodeIgniter.php(802): App\Controllers\Services->jac()
#4 C:\xampp\htdocs\perum_ppd\system\CodeIgniter.php(399): CodeIgniter\CodeIgniter->runController(Object(App\Controllers\Services))
#5 C:\xampp\htdocs\perum_ppd\system\CodeIgniter.php(317): CodeIgniter\CodeIgniter->handleRequest(NULL, Object(Config\Cache), false)
#6 C:\xampp\htdocs\perum_ppd\index.php(37): CodeIgniter\CodeIgniter->run()
#7 {main}
CRITICAL - 2022-01-11 03:32:03 --> include(template/header.php): Failed to open stream: No such file or directory
#0 C:\xampp\htdocs\perum_ppd\app\Views\services\jac.php(1): CodeIgniter\Debug\Exceptions->errorHandler(2, 'include(templat...', 'C:\\xampp\\htdocs...', 1)
#1 C:\xampp\htdocs\perum_ppd\app\Views\services\jac.php(1): include()
#2 C:\xampp\htdocs\perum_ppd\system\View\View.php(214): include('C:\\xampp\\htdocs...')
#3 C:\xampp\htdocs\perum_ppd\system\View\View.php(217): CodeIgniter\View\View->CodeIgniter\View\{closure}()
#4 C:\xampp\htdocs\perum_ppd\system\Common.php(1092): CodeIgniter\View\View->render('services/jac', Array, true)
#5 C:\xampp\htdocs\perum_ppd\app\Controllers\Services.php(23): view('services/jac')
#6 C:\xampp\htdocs\perum_ppd\system\CodeIgniter.php(802): App\Controllers\Services->jac()
#7 C:\xampp\htdocs\perum_ppd\system\CodeIgniter.php(399): CodeIgniter\CodeIgniter->runController(Object(App\Controllers\Services))
#8 C:\xampp\htdocs\perum_ppd\system\CodeIgniter.php(317): CodeIgniter\CodeIgniter->handleRequest(NULL, Object(Config\Cache), false)
#9 C:\xampp\htdocs\perum_ppd\index.php(37): CodeIgniter\CodeIgniter->run()
#10 {main}
CRITICAL - 2022-01-11 03:32:05 --> include(template/header.php): Failed to open stream: No such file or directory
#0 C:\xampp\htdocs\perum_ppd\app\Views\services\jac.php(1): CodeIgniter\Debug\Exceptions->errorHandler(2, 'include(templat...', 'C:\\xampp\\htdocs...', 1)
#1 C:\xampp\htdocs\perum_ppd\app\Views\services\jac.php(1): include()
#2 C:\xampp\htdocs\perum_ppd\system\View\View.php(214): include('C:\\xampp\\htdocs...')
#3 C:\xampp\htdocs\perum_ppd\system\View\View.php(217): CodeIgniter\View\View->CodeIgniter\View\{closure}()
#4 C:\xampp\htdocs\perum_ppd\system\Common.php(1092): CodeIgniter\View\View->render('services/jac', Array, true)
#5 C:\xampp\htdocs\perum_ppd\app\Controllers\Services.php(23): view('services/jac')
#6 C:\xampp\htdocs\perum_ppd\system\CodeIgniter.php(802): App\Controllers\Services->jac()
#7 C:\xampp\htdocs\perum_ppd\system\CodeIgniter.php(399): CodeIgniter\CodeIgniter->runController(Object(App\Controllers\Services))
#8 C:\xampp\htdocs\perum_ppd\system\CodeIgniter.php(317): CodeIgniter\CodeIgniter->handleRequest(NULL, Object(Config\Cache), false)
#9 C:\xampp\htdocs\perum_ppd\index.php(37): CodeIgniter\CodeIgniter->run()
#10 {main}
CRITICAL - 2022-01-11 03:32:13 --> include(template/header.php): Failed to open stream: No such file or directory
#0 C:\xampp\htdocs\perum_ppd\app\Views\services\jac.php(1): CodeIgniter\Debug\Exceptions->errorHandler(2, 'include(templat...', 'C:\\xampp\\htdocs...', 1)
#1 C:\xampp\htdocs\perum_ppd\app\Views\services\jac.php(1): include()
#2 C:\xampp\htdocs\perum_ppd\system\View\View.php(214): include('C:\\xampp\\htdocs...')
#3 C:\xampp\htdocs\perum_ppd\system\View\View.php(217): CodeIgniter\View\View->CodeIgniter\View\{closure}()
#4 C:\xampp\htdocs\perum_ppd\system\Common.php(1092): CodeIgniter\View\View->render('/services/jac', Array, true)
#5 C:\xampp\htdocs\perum_ppd\app\Controllers\Services.php(23): view('/services/jac')
#6 C:\xampp\htdocs\perum_ppd\system\CodeIgniter.php(802): App\Controllers\Services->jac()
#7 C:\xampp\htdocs\perum_ppd\system\CodeIgniter.php(399): CodeIgniter\CodeIgniter->runController(Object(App\Controllers\Services))
#8 C:\xampp\htdocs\perum_ppd\system\CodeIgniter.php(317): CodeIgniter\CodeIgniter->handleRequest(NULL, Object(Config\Cache), false)
#9 C:\xampp\htdocs\perum_ppd\index.php(37): CodeIgniter\CodeIgniter->run()
#10 {main}
CRITICAL - 2022-01-11 03:32:18 --> Invalid file: jac.php
#0 C:\xampp\htdocs\perum_ppd\system\View\View.php(198): CodeIgniter\Exceptions\FrameworkException::forInvalidFile('jac.php')
#1 C:\xampp\htdocs\perum_ppd\system\Common.php(1092): CodeIgniter\View\View->render('jac', Array, true)
#2 C:\xampp\htdocs\perum_ppd\app\Controllers\Services.php(23): view('jac')
#3 C:\xampp\htdocs\perum_ppd\system\CodeIgniter.php(802): App\Controllers\Services->jac()
#4 C:\xampp\htdocs\perum_ppd\system\CodeIgniter.php(399): CodeIgniter\CodeIgniter->runController(Object(App\Controllers\Services))
#5 C:\xampp\htdocs\perum_ppd\system\CodeIgniter.php(317): CodeIgniter\CodeIgniter->handleRequest(NULL, Object(Config\Cache), false)
#6 C:\xampp\htdocs\perum_ppd\index.php(37): CodeIgniter\CodeIgniter->run()
#7 {main}
CRITICAL - 2022-01-11 03:32:20 --> Invalid file: jac.php
#0 C:\xampp\htdocs\perum_ppd\system\View\View.php(198): CodeIgniter\Exceptions\FrameworkException::forInvalidFile('jac.php')
#1 C:\xampp\htdocs\perum_ppd\system\Common.php(1092): CodeIgniter\View\View->render('jac', Array, true)
#2 C:\xampp\htdocs\perum_ppd\app\Controllers\Services.php(23): view('jac')
#3 C:\xampp\htdocs\perum_ppd\system\CodeIgniter.php(802): App\Controllers\Services->jac()
#4 C:\xampp\htdocs\perum_ppd\system\CodeIgniter.php(399): CodeIgniter\CodeIgniter->runController(Object(App\Controllers\Services))
#5 C:\xampp\htdocs\perum_ppd\system\CodeIgniter.php(317): CodeIgniter\CodeIgniter->handleRequest(NULL, Object(Config\Cache), false)
#6 C:\xampp\htdocs\perum_ppd\index.php(37): CodeIgniter\CodeIgniter->run()
#7 {main}
CRITICAL - 2022-01-11 03:32:37 --> Invalid file: jac.php
#0 C:\xampp\htdocs\perum_ppd\system\View\View.php(198): CodeIgniter\Exceptions\FrameworkException::forInvalidFile('jac.php')
#1 C:\xampp\htdocs\perum_ppd\system\Common.php(1092): CodeIgniter\View\View->render('jac', Array, true)
#2 C:\xampp\htdocs\perum_ppd\app\Controllers\Services.php(23): view('jac')
#3 C:\xampp\htdocs\perum_ppd\system\CodeIgniter.php(802): App\Controllers\Services->jac()
#4 C:\xampp\htdocs\perum_ppd\system\CodeIgniter.php(399): CodeIgniter\CodeIgniter->runController(Object(App\Controllers\Services))
#5 C:\xampp\htdocs\perum_ppd\system\CodeIgniter.php(317): CodeIgniter\CodeIgniter->handleRequest(NULL, Object(Config\Cache), false)
#6 C:\xampp\htdocs\perum_ppd\index.php(37): CodeIgniter\CodeIgniter->run()
#7 {main}
CRITICAL - 2022-01-11 03:36:02 --> include(template/header.php): Failed to open stream: No such file or directory
#0 C:\xampp\htdocs\perum_ppd\app\Views\services\jac.php(1): CodeIgniter\Debug\Exceptions->errorHandler(2, 'include(templat...', 'C:\\xampp\\htdocs...', 1)
#1 C:\xampp\htdocs\perum_ppd\app\Views\services\jac.php(1): include()
#2 C:\xampp\htdocs\perum_ppd\system\View\View.php(214): include('C:\\xampp\\htdocs...')
#3 C:\xampp\htdocs\perum_ppd\system\View\View.php(217): CodeIgniter\View\View->CodeIgniter\View\{closure}()
#4 C:\xampp\htdocs\perum_ppd\system\Common.php(1092): CodeIgniter\View\View->render('services/jac', Array, true)
#5 C:\xampp\htdocs\perum_ppd\app\Controllers\Services.php(24): view('services/jac')
#6 C:\xampp\htdocs\perum_ppd\system\CodeIgniter.php(802): App\Controllers\Services->jac()
#7 C:\xampp\htdocs\perum_ppd\system\CodeIgniter.php(399): CodeIgniter\CodeIgniter->runController(Object(App\Controllers\Services))
#8 C:\xampp\htdocs\perum_ppd\system\CodeIgniter.php(317): CodeIgniter\CodeIgniter->handleRequest(NULL, Object(Config\Cache), false)
#9 C:\xampp\htdocs\perum_ppd\index.php(37): CodeIgniter\CodeIgniter->run()
#10 {main}
CRITICAL - 2022-01-11 03:37:43 --> Call to undefined method App\Controllers\Services::template()
#0 C:\xampp\htdocs\perum_ppd\system\CodeIgniter.php(802): App\Controllers\Services->jac()
#1 C:\xampp\htdocs\perum_ppd\system\CodeIgniter.php(399): CodeIgniter\CodeIgniter->runController(Object(App\Controllers\Services))
#2 C:\xampp\htdocs\perum_ppd\system\CodeIgniter.php(317): CodeIgniter\CodeIgniter->handleRequest(NULL, Object(Config\Cache), false)
#3 C:\xampp\htdocs\perum_ppd\index.php(37): CodeIgniter\CodeIgniter->run()
#4 {main}
CRITICAL - 2022-01-11 03:37:44 --> Call to undefined method App\Controllers\Services::template()
#0 C:\xampp\htdocs\perum_ppd\system\CodeIgniter.php(802): App\Controllers\Services->jac()
#1 C:\xampp\htdocs\perum_ppd\system\CodeIgniter.php(399): CodeIgniter\CodeIgniter->runController(Object(App\Controllers\Services))
#2 C:\xampp\htdocs\perum_ppd\system\CodeIgniter.php(317): CodeIgniter\CodeIgniter->handleRequest(NULL, Object(Config\Cache), false)
#3 C:\xampp\htdocs\perum_ppd\index.php(37): CodeIgniter\CodeIgniter->run()
#4 {main}
CRITICAL - 2022-01-11 03:37:52 --> Call to undefined method App\Controllers\Services::template()
#0 C:\xampp\htdocs\perum_ppd\system\CodeIgniter.php(802): App\Controllers\Services->jac()
#1 C:\xampp\htdocs\perum_ppd\system\CodeIgniter.php(399): CodeIgniter\CodeIgniter->runController(Object(App\Controllers\Services))
#2 C:\xampp\htdocs\perum_ppd\system\CodeIgniter.php(317): CodeIgniter\CodeIgniter->handleRequest(NULL, Object(Config\Cache), false)
#3 C:\xampp\htdocs\perum_ppd\index.php(37): CodeIgniter\CodeIgniter->run()
#4 {main}
CRITICAL - 2022-01-11 03:39:11 --> Cannot call constructor
#0 C:\xampp\htdocs\perum_ppd\system\CodeIgniter.php(779): App\Controllers\Services->__construct()
#1 C:\xampp\htdocs\perum_ppd\system\CodeIgniter.php(390): CodeIgniter\CodeIgniter->createController()
#2 C:\xampp\htdocs\perum_ppd\system\CodeIgniter.php(317): CodeIgniter\CodeIgniter->handleRequest(NULL, Object(Config\Cache), false)
#3 C:\xampp\htdocs\perum_ppd\index.php(37): CodeIgniter\CodeIgniter->run()
#4 {main}
CRITICAL - 2022-01-11 03:40:49 --> syntax error, unexpected token "."
#0 C:\xampp\htdocs\perum_ppd\system\Router\Router.php(160): CodeIgniter\Router\Router->autoRoute('services/jac')
#1 C:\xampp\htdocs\perum_ppd\system\CodeIgniter.php(702): CodeIgniter\Router\Router->handle('services/jac')
#2 C:\xampp\htdocs\perum_ppd\system\CodeIgniter.php(358): CodeIgniter\CodeIgniter->tryToRouteIt(Object(CodeIgniter\Router\RouteCollection))
#3 C:\xampp\htdocs\perum_ppd\system\CodeIgniter.php(317): CodeIgniter\CodeIgniter->handleRequest(NULL, Object(Config\Cache), false)
#4 C:\xampp\htdocs\perum_ppd\index.php(37): CodeIgniter\CodeIgniter->run()
#5 {main}
CRITICAL - 2022-01-11 03:41:07 --> syntax error, unexpected token "."
#0 C:\xampp\htdocs\perum_ppd\system\Router\Router.php(160): CodeIgniter\Router\Router->autoRoute('services/jac')
#1 C:\xampp\htdocs\perum_ppd\system\CodeIgniter.php(702): CodeIgniter\Router\Router->handle('services/jac')
#2 C:\xampp\htdocs\perum_ppd\system\CodeIgniter.php(358): CodeIgniter\CodeIgniter->tryToRouteIt(Object(CodeIgniter\Router\RouteCollection))
#3 C:\xampp\htdocs\perum_ppd\system\CodeIgniter.php(317): CodeIgniter\CodeIgniter->handleRequest(NULL, Object(Config\Cache), false)
#4 C:\xampp\htdocs\perum_ppd\index.php(37): CodeIgniter\CodeIgniter->run()
#5 {main}
CRITICAL - 2022-01-11 03:46:08 --> Undefined variable $data
#0 C:\xampp\htdocs\perum_ppd\app\Controllers\Services.php(25): CodeIgniter\Debug\Exceptions->errorHandler(2, 'Undefined varia...', 'C:\\xampp\\htdocs...', 25)
#1 C:\xampp\htdocs\perum_ppd\system\CodeIgniter.php(802): App\Controllers\Services->jac()
#2 C:\xampp\htdocs\perum_ppd\system\CodeIgniter.php(399): CodeIgniter\CodeIgniter->runController(Object(App\Controllers\Services))
#3 C:\xampp\htdocs\perum_ppd\system\CodeIgniter.php(317): CodeIgniter\CodeIgniter->handleRequest(NULL, Object(Config\Cache), false)
#4 C:\xampp\htdocs\perum_ppd\index.php(37): CodeIgniter\CodeIgniter->run()
#5 {main}
CRITICAL - 2022-01-11 03:46:09 --> Undefined variable $data
#0 C:\xampp\htdocs\perum_ppd\app\Controllers\Services.php(25): CodeIgniter\Debug\Exceptions->errorHandler(2, 'Undefined varia...', 'C:\\xampp\\htdocs...', 25)
#1 C:\xampp\htdocs\perum_ppd\system\CodeIgniter.php(802): App\Controllers\Services->jac()
#2 C:\xampp\htdocs\perum_ppd\system\CodeIgniter.php(399): CodeIgniter\CodeIgniter->runController(Object(App\Controllers\Services))
#3 C:\xampp\htdocs\perum_ppd\system\CodeIgniter.php(317): CodeIgniter\CodeIgniter->handleRequest(NULL, Object(Config\Cache), false)
#4 C:\xampp\htdocs\perum_ppd\index.php(37): CodeIgniter\CodeIgniter->run()
#5 {main}
CRITICAL - 2022-01-11 03:47:51 --> include(template/header.php): Failed to open stream: No such file or directory
#0 C:\xampp\htdocs\perum_ppd\app\Views\services\jac.php(1): CodeIgniter\Debug\Exceptions->errorHandler(2, 'include(templat...', 'C:\\xampp\\htdocs...', 1)
#1 C:\xampp\htdocs\perum_ppd\app\Views\services\jac.php(1): include()
#2 C:\xampp\htdocs\perum_ppd\system\View\View.php(214): include('C:\\xampp\\htdocs...')
#3 C:\xampp\htdocs\perum_ppd\system\View\View.php(217): CodeIgniter\View\View->CodeIgniter\View\{closure}()
#4 C:\xampp\htdocs\perum_ppd\system\Common.php(1092): CodeIgniter\View\View->render('services/jac', Array, true)
#5 C:\xampp\htdocs\perum_ppd\app\Controllers\Services.php(25): view('services/jac')
#6 C:\xampp\htdocs\perum_ppd\system\CodeIgniter.php(802): App\Controllers\Services->jac()
#7 C:\xampp\htdocs\perum_ppd\system\CodeIgniter.php(399): CodeIgniter\CodeIgniter->runController(Object(App\Controllers\Services))
#8 C:\xampp\htdocs\perum_ppd\system\CodeIgniter.php(317): CodeIgniter\CodeIgniter->handleRequest(NULL, Object(Config\Cache), false)
#9 C:\xampp\htdocs\perum_ppd\index.php(37): CodeIgniter\CodeIgniter->run()
#10 {main}
CRITICAL - 2022-01-11 03:47:52 --> include(template/header.php): Failed to open stream: No such file or directory
#0 C:\xampp\htdocs\perum_ppd\app\Views\services\jac.php(1): CodeIgniter\Debug\Exceptions->errorHandler(2, 'include(templat...', 'C:\\xampp\\htdocs...', 1)
#1 C:\xampp\htdocs\perum_ppd\app\Views\services\jac.php(1): include()
#2 C:\xampp\htdocs\perum_ppd\system\View\View.php(214): include('C:\\xampp\\htdocs...')
#3 C:\xampp\htdocs\perum_ppd\system\View\View.php(217): CodeIgniter\View\View->CodeIgniter\View\{closure}()
#4 C:\xampp\htdocs\perum_ppd\system\Common.php(1092): CodeIgniter\View\View->render('services/jac', Array, true)
#5 C:\xampp\htdocs\perum_ppd\app\Controllers\Services.php(25): view('services/jac')
#6 C:\xampp\htdocs\perum_ppd\system\CodeIgniter.php(802): App\Controllers\Services->jac()
#7 C:\xampp\htdocs\perum_ppd\system\CodeIgniter.php(399): CodeIgniter\CodeIgniter->runController(Object(App\Controllers\Services))
#8 C:\xampp\htdocs\perum_ppd\system\CodeIgniter.php(317): CodeIgniter\CodeIgniter->handleRequest(NULL, Object(Config\Cache), false)
#9 C:\xampp\htdocs\perum_ppd\index.php(37): CodeIgniter\CodeIgniter->run()
#10 {main}
CRITICAL - 2022-01-11 03:48:25 --> include(template/header.php): Failed to open stream: No such file or directory
#0 C:\xampp\htdocs\perum_ppd\app\Views\services\jac.php(1): CodeIgniter\Debug\Exceptions->errorHandler(2, 'include(templat...', 'C:\\xampp\\htdocs...', 1)
#1 C:\xampp\htdocs\perum_ppd\app\Views\services\jac.php(1): include()
#2 C:\xampp\htdocs\perum_ppd\system\View\View.php(214): include('C:\\xampp\\htdocs...')
#3 C:\xampp\htdocs\perum_ppd\system\View\View.php(217): CodeIgniter\View\View->CodeIgniter\View\{closure}()
#4 C:\xampp\htdocs\perum_ppd\system\Common.php(1092): CodeIgniter\View\View->render('services/jac', Array, true)
#5 C:\xampp\htdocs\perum_ppd\app\Controllers\Services.php(25): view('services/jac')
#6 C:\xampp\htdocs\perum_ppd\system\CodeIgniter.php(802): App\Controllers\Services->jac()
#7 C:\xampp\htdocs\perum_ppd\system\CodeIgniter.php(399): CodeIgniter\CodeIgniter->runController(Object(App\Controllers\Services))
#8 C:\xampp\htdocs\perum_ppd\system\CodeIgniter.php(317): CodeIgniter\CodeIgniter->handleRequest(NULL, Object(Config\Cache), false)
#9 C:\xampp\htdocs\perum_ppd\index.php(37): CodeIgniter\CodeIgniter->run()
#10 {main}
CRITICAL - 2022-01-11 03:48:26 --> include(template/header.php): Failed to open stream: No such file or directory
#0 C:\xampp\htdocs\perum_ppd\app\Views\services\jac.php(1): CodeIgniter\Debug\Exceptions->errorHandler(2, 'include(templat...', 'C:\\xampp\\htdocs...', 1)
#1 C:\xampp\htdocs\perum_ppd\app\Views\services\jac.php(1): include()
#2 C:\xampp\htdocs\perum_ppd\system\View\View.php(214): include('C:\\xampp\\htdocs...')
#3 C:\xampp\htdocs\perum_ppd\system\View\View.php(217): CodeIgniter\View\View->CodeIgniter\View\{closure}()
#4 C:\xampp\htdocs\perum_ppd\system\Common.php(1092): CodeIgniter\View\View->render('services/jac', Array, true)
#5 C:\xampp\htdocs\perum_ppd\app\Controllers\Services.php(25): view('services/jac')
#6 C:\xampp\htdocs\perum_ppd\system\CodeIgniter.php(802): App\Controllers\Services->jac()
#7 C:\xampp\htdocs\perum_ppd\system\CodeIgniter.php(399): CodeIgniter\CodeIgniter->runController(Object(App\Controllers\Services))
#8 C:\xampp\htdocs\perum_ppd\system\CodeIgniter.php(317): CodeIgniter\CodeIgniter->handleRequest(NULL, Object(Config\Cache), false)
#9 C:\xampp\htdocs\perum_ppd\index.php(37): CodeIgniter\CodeIgniter->run()
#10 {main}
CRITICAL - 2022-01-11 03:48:26 --> include(template/header.php): Failed to open stream: No such file or directory
#0 C:\xampp\htdocs\perum_ppd\app\Views\services\jac.php(1): CodeIgniter\Debug\Exceptions->errorHandler(2, 'include(templat...', 'C:\\xampp\\htdocs...', 1)
#1 C:\xampp\htdocs\perum_ppd\app\Views\services\jac.php(1): include()
#2 C:\xampp\htdocs\perum_ppd\system\View\View.php(214): include('C:\\xampp\\htdocs...')
#3 C:\xampp\htdocs\perum_ppd\system\View\View.php(217): CodeIgniter\View\View->CodeIgniter\View\{closure}()
#4 C:\xampp\htdocs\perum_ppd\system\Common.php(1092): CodeIgniter\View\View->render('services/jac', Array, true)
#5 C:\xampp\htdocs\perum_ppd\app\Controllers\Services.php(25): view('services/jac')
#6 C:\xampp\htdocs\perum_ppd\system\CodeIgniter.php(802): App\Controllers\Services->jac()
#7 C:\xampp\htdocs\perum_ppd\system\CodeIgniter.php(399): CodeIgniter\CodeIgniter->runController(Object(App\Controllers\Services))
#8 C:\xampp\htdocs\perum_ppd\system\CodeIgniter.php(317): CodeIgniter\CodeIgniter->handleRequest(NULL, Object(Config\Cache), false)
#9 C:\xampp\htdocs\perum_ppd\index.php(37): CodeIgniter\CodeIgniter->run()
#10 {main}
CRITICAL - 2022-01-11 03:50:36 --> include(template/header.php): Failed to open stream: No such file or directory
#0 C:\xampp\htdocs\perum_ppd\app\Views\services\jac.php(1): CodeIgniter\Debug\Exceptions->errorHandler(2, 'include(templat...', 'C:\\xampp\\htdocs...', 1)
#1 C:\xampp\htdocs\perum_ppd\app\Views\services\jac.php(1): include()
#2 C:\xampp\htdocs\perum_ppd\system\View\View.php(214): include('C:\\xampp\\htdocs...')
#3 C:\xampp\htdocs\perum_ppd\system\View\View.php(217): CodeIgniter\View\View->CodeIgniter\View\{closure}()
#4 C:\xampp\htdocs\perum_ppd\system\Common.php(1092): CodeIgniter\View\View->render('services/jac', Array, true)
#5 C:\xampp\htdocs\perum_ppd\app\Controllers\Services.php(25): view('services/jac')
#6 C:\xampp\htdocs\perum_ppd\system\CodeIgniter.php(802): App\Controllers\Services->jac()
#7 C:\xampp\htdocs\perum_ppd\system\CodeIgniter.php(399): CodeIgniter\CodeIgniter->runController(Object(App\Controllers\Services))
#8 C:\xampp\htdocs\perum_ppd\system\CodeIgniter.php(317): CodeIgniter\CodeIgniter->handleRequest(NULL, Object(Config\Cache), false)
#9 C:\xampp\htdocs\perum_ppd\index.php(37): CodeIgniter\CodeIgniter->run()
#10 {main}
CRITICAL - 2022-01-11 03:50:40 --> include(template/header.php): Failed to open stream: No such file or directory
#0 C:\xampp\htdocs\perum_ppd\app\Views\services\jac.php(1): CodeIgniter\Debug\Exceptions->errorHandler(2, 'include(templat...', 'C:\\xampp\\htdocs...', 1)
#1 C:\xampp\htdocs\perum_ppd\app\Views\services\jac.php(1): include()
#2 C:\xampp\htdocs\perum_ppd\system\View\View.php(214): include('C:\\xampp\\htdocs...')
#3 C:\xampp\htdocs\perum_ppd\system\View\View.php(217): CodeIgniter\View\View->CodeIgniter\View\{closure}()
#4 C:\xampp\htdocs\perum_ppd\system\Common.php(1092): CodeIgniter\View\View->render('services\\jac', Array, true)
#5 C:\xampp\htdocs\perum_ppd\app\Controllers\Services.php(25): view('services\\jac')
#6 C:\xampp\htdocs\perum_ppd\system\CodeIgniter.php(802): App\Controllers\Services->jac()
#7 C:\xampp\htdocs\perum_ppd\system\CodeIgniter.php(399): CodeIgniter\CodeIgniter->runController(Object(App\Controllers\Services))
#8 C:\xampp\htdocs\perum_ppd\system\CodeIgniter.php(317): CodeIgniter\CodeIgniter->handleRequest(NULL, Object(Config\Cache), false)
#9 C:\xampp\htdocs\perum_ppd\index.php(37): CodeIgniter\CodeIgniter->run()
#10 {main}
CRITICAL - 2022-01-11 03:51:36 --> include(template/header.php): Failed to open stream: No such file or directory
#0 C:\xampp\htdocs\perum_ppd\app\Views\company\history.php(1): CodeIgniter\Debug\Exceptions->errorHandler(2, 'include(templat...', 'C:\\xampp\\htdocs...', 1)
#1 C:\xampp\htdocs\perum_ppd\app\Views\company\history.php(1): include()
#2 C:\xampp\htdocs\perum_ppd\system\View\View.php(214): include('C:\\xampp\\htdocs...')
#3 C:\xampp\htdocs\perum_ppd\system\View\View.php(217): CodeIgniter\View\View->CodeIgniter\View\{closure}()
#4 C:\xampp\htdocs\perum_ppd\system\Common.php(1092): CodeIgniter\View\View->render('company/history', Array, true)
#5 C:\xampp\htdocs\perum_ppd\app\Controllers\Company.php(24): view('company/history')
#6 C:\xampp\htdocs\perum_ppd\system\CodeIgniter.php(802): App\Controllers\Company->history()
#7 C:\xampp\htdocs\perum_ppd\system\CodeIgniter.php(399): CodeIgniter\CodeIgniter->runController(Object(App\Controllers\Company))
#8 C:\xampp\htdocs\perum_ppd\system\CodeIgniter.php(317): CodeIgniter\CodeIgniter->handleRequest(NULL, Object(Config\Cache), false)
#9 C:\xampp\htdocs\perum_ppd\index.php(37): CodeIgniter\CodeIgniter->run()
#10 {main}
CRITICAL - 2022-01-11 03:51:39 --> include(template/header.php): Failed to open stream: No such file or directory
#0 C:\xampp\htdocs\perum_ppd\app\Views\company\history.php(1): CodeIgniter\Debug\Exceptions->errorHandler(2, 'include(templat...', 'C:\\xampp\\htdocs...', 1)
#1 C:\xampp\htdocs\perum_ppd\app\Views\company\history.php(1): include()
#2 C:\xampp\htdocs\perum_ppd\system\View\View.php(214): include('C:\\xampp\\htdocs...')
#3 C:\xampp\htdocs\perum_ppd\system\View\View.php(217): CodeIgniter\View\View->CodeIgniter\View\{closure}()
#4 C:\xampp\htdocs\perum_ppd\system\Common.php(1092): CodeIgniter\View\View->render('company/history', Array, true)
#5 C:\xampp\htdocs\perum_ppd\app\Controllers\Company.php(24): view('company/history')
#6 C:\xampp\htdocs\perum_ppd\system\CodeIgniter.php(802): App\Controllers\Company->history()
#7 C:\xampp\htdocs\perum_ppd\system\CodeIgniter.php(399): CodeIgniter\CodeIgniter->runController(Object(App\Controllers\Company))
#8 C:\xampp\htdocs\perum_ppd\system\CodeIgniter.php(317): CodeIgniter\CodeIgniter->handleRequest(NULL, Object(Config\Cache), false)
#9 C:\xampp\htdocs\perum_ppd\index.php(37): CodeIgniter\CodeIgniter->run()
#10 {main}
CRITICAL - 2022-01-11 03:52:32 --> include(template/header.php): Failed to open stream: No such file or directory
#0 C:\xampp\htdocs\perum_ppd\app\Views\company\history.php(1): CodeIgniter\Debug\Exceptions->errorHandler(2, 'include(templat...', 'C:\\xampp\\htdocs...', 1)
#1 C:\xampp\htdocs\perum_ppd\app\Views\company\history.php(1): include()
#2 C:\xampp\htdocs\perum_ppd\system\View\View.php(214): include('C:\\xampp\\htdocs...')
#3 C:\xampp\htdocs\perum_ppd\system\View\View.php(217): CodeIgniter\View\View->CodeIgniter\View\{closure}()
#4 C:\xampp\htdocs\perum_ppd\system\Common.php(1092): CodeIgniter\View\View->render('company/history', Array, true)
#5 C:\xampp\htdocs\perum_ppd\app\Controllers\Company.php(24): view('company/history')
#6 C:\xampp\htdocs\perum_ppd\system\CodeIgniter.php(802): App\Controllers\Company->history()
#7 C:\xampp\htdocs\perum_ppd\system\CodeIgniter.php(399): CodeIgniter\CodeIgniter->runController(Object(App\Controllers\Company))
#8 C:\xampp\htdocs\perum_ppd\system\CodeIgniter.php(317): CodeIgniter\CodeIgniter->handleRequest(NULL, Object(Config\Cache), false)
#9 C:\xampp\htdocs\perum_ppd\index.php(37): CodeIgniter\CodeIgniter->run()
#10 {main}
CRITICAL - 2022-01-11 03:55:23 --> include(template/header.php): Failed to open stream: No such file or directory
#0 C:\xampp\htdocs\perum_ppd\app\Views\company\history.php(1): CodeIgniter\Debug\Exceptions->errorHandler(2, 'include(templat...', 'C:\\xampp\\htdocs...', 1)
#1 C:\xampp\htdocs\perum_ppd\app\Views\company\history.php(1): include()
#2 C:\xampp\htdocs\perum_ppd\system\View\View.php(214): include('C:\\xampp\\htdocs...')
#3 C:\xampp\htdocs\perum_ppd\system\View\View.php(217): CodeIgniter\View\View->CodeIgniter\View\{closure}()
#4 C:\xampp\htdocs\perum_ppd\system\Common.php(1092): CodeIgniter\View\View->render('company/history', Array, true)
#5 C:\xampp\htdocs\perum_ppd\app\Controllers\Company.php(24): view('company/history')
#6 C:\xampp\htdocs\perum_ppd\system\CodeIgniter.php(802): App\Controllers\Company->history()
#7 C:\xampp\htdocs\perum_ppd\system\CodeIgniter.php(399): CodeIgniter\CodeIgniter->runController(Object(App\Controllers\Company))
#8 C:\xampp\htdocs\perum_ppd\system\CodeIgniter.php(317): CodeIgniter\CodeIgniter->handleRequest(NULL, Object(Config\Cache), false)
#9 C:\xampp\htdocs\perum_ppd\index.php(37): CodeIgniter\CodeIgniter->run()
#10 {main}
CRITICAL - 2022-01-11 03:55:31 --> include(template/header.php): Failed to open stream: No such file or directory
#0 C:\xampp\htdocs\perum_ppd\app\Views\company\history.php(1): CodeIgniter\Debug\Exceptions->errorHandler(2, 'include(templat...', 'C:\\xampp\\htdocs...', 1)
#1 C:\xampp\htdocs\perum_ppd\app\Views\company\history.php(1): include()
#2 C:\xampp\htdocs\perum_ppd\system\View\View.php(214): include('C:\\xampp\\htdocs...')
#3 C:\xampp\htdocs\perum_ppd\system\View\View.php(217): CodeIgniter\View\View->CodeIgniter\View\{closure}()
#4 C:\xampp\htdocs\perum_ppd\system\Common.php(1092): CodeIgniter\View\View->render('company/history', Array, true)
#5 C:\xampp\htdocs\perum_ppd\app\Controllers\Company.php(24): view('company/history')
#6 C:\xampp\htdocs\perum_ppd\system\CodeIgniter.php(802): App\Controllers\Company->history()
#7 C:\xampp\htdocs\perum_ppd\system\CodeIgniter.php(399): CodeIgniter\CodeIgniter->runController(Object(App\Controllers\Company))
#8 C:\xampp\htdocs\perum_ppd\system\CodeIgniter.php(317): CodeIgniter\CodeIgniter->handleRequest(NULL, Object(Config\Cache), false)
#9 C:\xampp\htdocs\perum_ppd\index.php(37): CodeIgniter\CodeIgniter->run()
#10 {main}
CRITICAL - 2022-01-11 04:08:02 --> Invalid file: company/history.php
#0 C:\xampp\htdocs\perum_ppd\system\View\View.php(198): CodeIgniter\Exceptions\FrameworkException::forInvalidFile('company/history...')
#1 C:\xampp\htdocs\perum_ppd\system\Common.php(1092): CodeIgniter\View\View->render('company/history', Array, true)
#2 C:\xampp\htdocs\perum_ppd\app\Controllers\Company.php(24): view('company/history')
#3 C:\xampp\htdocs\perum_ppd\system\CodeIgniter.php(802): App\Controllers\Company->history()
#4 C:\xampp\htdocs\perum_ppd\system\CodeIgniter.php(399): CodeIgniter\CodeIgniter->runController(Object(App\Controllers\Company))
#5 C:\xampp\htdocs\perum_ppd\system\CodeIgniter.php(317): CodeIgniter\CodeIgniter->handleRequest(NULL, Object(Config\Cache), false)
#6 C:\xampp\htdocs\perum_ppd\index.php(37): CodeIgniter\CodeIgniter->run()
#7 {main}
CRITICAL - 2022-01-11 04:08:03 --> Invalid file: company/history.php
#0 C:\xampp\htdocs\perum_ppd\system\View\View.php(198): CodeIgniter\Exceptions\FrameworkException::forInvalidFile('company/history...')
#1 C:\xampp\htdocs\perum_ppd\system\Common.php(1092): CodeIgniter\View\View->render('company/history', Array, true)
#2 C:\xampp\htdocs\perum_ppd\app\Controllers\Company.php(24): view('company/history')
#3 C:\xampp\htdocs\perum_ppd\system\CodeIgniter.php(802): App\Controllers\Company->history()
#4 C:\xampp\htdocs\perum_ppd\system\CodeIgniter.php(399): CodeIgniter\CodeIgniter->runController(Object(App\Controllers\Company))
#5 C:\xampp\htdocs\perum_ppd\system\CodeIgniter.php(317): CodeIgniter\CodeIgniter->handleRequest(NULL, Object(Config\Cache), false)
#6 C:\xampp\htdocs\perum_ppd\index.php(37): CodeIgniter\CodeIgniter->run()
#7 {main}
CRITICAL - 2022-01-11 04:08:04 --> Invalid file: company/history.php
#0 C:\xampp\htdocs\perum_ppd\system\View\View.php(198): CodeIgniter\Exceptions\FrameworkException::forInvalidFile('company/history...')
#1 C:\xampp\htdocs\perum_ppd\system\Common.php(1092): CodeIgniter\View\View->render('company/history', Array, true)
#2 C:\xampp\htdocs\perum_ppd\app\Controllers\Company.php(24): view('company/history')
#3 C:\xampp\htdocs\perum_ppd\system\CodeIgniter.php(802): App\Controllers\Company->history()
#4 C:\xampp\htdocs\perum_ppd\system\CodeIgniter.php(399): CodeIgniter\CodeIgniter->runController(Object(App\Controllers\Company))
#5 C:\xampp\htdocs\perum_ppd\system\CodeIgniter.php(317): CodeIgniter\CodeIgniter->handleRequest(NULL, Object(Config\Cache), false)
#6 C:\xampp\htdocs\perum_ppd\index.php(37): CodeIgniter\CodeIgniter->run()
#7 {main}
CRITICAL - 2022-01-11 06:40:40 --> include(template/header.php): Failed to open stream: No such file or directory
#0 C:\xampp\htdocs\perum_ppd\app\Views\company\history.php(1): CodeIgniter\Debug\Exceptions->errorHandler(2, 'include(templat...', 'C:\\xampp\\htdocs...', 1)
#1 C:\xampp\htdocs\perum_ppd\app\Views\company\history.php(1): include()
#2 C:\xampp\htdocs\perum_ppd\system\View\View.php(214): include('C:\\xampp\\htdocs...')
#3 C:\xampp\htdocs\perum_ppd\system\View\View.php(217): CodeIgniter\View\View->CodeIgniter\View\{closure}()
#4 C:\xampp\htdocs\perum_ppd\system\Common.php(1092): CodeIgniter\View\View->render('company/history', Array, true)
#5 C:\xampp\htdocs\perum_ppd\app\Controllers\Company.php(24): view('company/history')
#6 C:\xampp\htdocs\perum_ppd\system\CodeIgniter.php(802): App\Controllers\Company->history()
#7 C:\xampp\htdocs\perum_ppd\system\CodeIgniter.php(399): CodeIgniter\CodeIgniter->runController(Object(App\Controllers\Company))
#8 C:\xampp\htdocs\perum_ppd\system\CodeIgniter.php(317): CodeIgniter\CodeIgniter->handleRequest(NULL, Object(Config\Cache), false)
#9 C:\xampp\htdocs\perum_ppd\index.php(37): CodeIgniter\CodeIgniter->run()
#10 {main}
CRITICAL - 2022-01-11 06:42:33 --> include(template/header.php): Failed to open stream: No such file or directory
#0 C:\xampp\htdocs\perum_ppd\app\Views\company\history.php(1): CodeIgniter\Debug\Exceptions->errorHandler(2, 'include(templat...', 'C:\\xampp\\htdocs...', 1)
#1 C:\xampp\htdocs\perum_ppd\app\Views\company\history.php(1): include()
#2 C:\xampp\htdocs\perum_ppd\system\View\View.php(214): include('C:\\xampp\\htdocs...')
#3 C:\xampp\htdocs\perum_ppd\system\View\View.php(217): CodeIgniter\View\View->CodeIgniter\View\{closure}()
#4 C:\xampp\htdocs\perum_ppd\system\Common.php(1092): CodeIgniter\View\View->render('company/history', Array, true)
#5 C:\xampp\htdocs\perum_ppd\app\Controllers\Company.php(24): view('company/history')
#6 C:\xampp\htdocs\perum_ppd\system\CodeIgniter.php(802): App\Controllers\Company->history()
#7 C:\xampp\htdocs\perum_ppd\system\CodeIgniter.php(399): CodeIgniter\CodeIgniter->runController(Object(App\Controllers\Company))
#8 C:\xampp\htdocs\perum_ppd\system\CodeIgniter.php(317): CodeIgniter\CodeIgniter->handleRequest(NULL, Object(Config\Cache), false)
#9 C:\xampp\htdocs\perum_ppd\index.php(37): CodeIgniter\CodeIgniter->run()
#10 {main}
CRITICAL - 2022-01-11 06:42:38 --> include(template/header.php): Failed to open stream: No such file or directory
#0 C:\xampp\htdocs\perum_ppd\app\Views\company\history.php(1): CodeIgniter\Debug\Exceptions->errorHandler(2, 'include(templat...', 'C:\\xampp\\htdocs...', 1)
#1 C:\xampp\htdocs\perum_ppd\app\Views\company\history.php(1): include()
#2 C:\xampp\htdocs\perum_ppd\system\View\View.php(214): include('C:\\xampp\\htdocs...')
#3 C:\xampp\htdocs\perum_ppd\system\View\View.php(217): CodeIgniter\View\View->CodeIgniter\View\{closure}()
#4 C:\xampp\htdocs\perum_ppd\system\Common.php(1092): CodeIgniter\View\View->render('company/history', Array, true)
#5 C:\xampp\htdocs\perum_ppd\app\Controllers\Company.php(24): view('company/history')
#6 C:\xampp\htdocs\perum_ppd\system\CodeIgniter.php(802): App\Controllers\Company->history()
#7 C:\xampp\htdocs\perum_ppd\system\CodeIgniter.php(399): CodeIgniter\CodeIgniter->runController(Object(App\Controllers\Company))
#8 C:\xampp\htdocs\perum_ppd\system\CodeIgniter.php(317): CodeIgniter\CodeIgniter->handleRequest(NULL, Object(Config\Cache), false)
#9 C:\xampp\htdocs\perum_ppd\index.php(37): CodeIgniter\CodeIgniter->run()
#10 {main}
CRITICAL - 2022-01-11 06:42:52 --> include(template/header.php): Failed to open stream: No such file or directory
#0 C:\xampp\htdocs\perum_ppd\app\Views\company\history.php(1): CodeIgniter\Debug\Exceptions->errorHandler(2, 'include(templat...', 'C:\\xampp\\htdocs...', 1)
#1 C:\xampp\htdocs\perum_ppd\app\Views\company\history.php(1): include()
#2 C:\xampp\htdocs\perum_ppd\system\View\View.php(214): include('C:\\xampp\\htdocs...')
#3 C:\xampp\htdocs\perum_ppd\system\View\View.php(217): CodeIgniter\View\View->CodeIgniter\View\{closure}()
#4 C:\xampp\htdocs\perum_ppd\system\Common.php(1092): CodeIgniter\View\View->render('company/history', Array, true)
#5 C:\xampp\htdocs\perum_ppd\app\Controllers\Company.php(24): view('company/history')
#6 C:\xampp\htdocs\perum_ppd\system\CodeIgniter.php(802): App\Controllers\Company->history()
#7 C:\xampp\htdocs\perum_ppd\system\CodeIgniter.php(399): CodeIgniter\CodeIgniter->runController(Object(App\Controllers\Company))
#8 C:\xampp\htdocs\perum_ppd\system\CodeIgniter.php(317): CodeIgniter\CodeIgniter->handleRequest(NULL, Object(Config\Cache), false)
#9 C:\xampp\htdocs\perum_ppd\index.php(37): CodeIgniter\CodeIgniter->run()
#10 {main}
CRITICAL - 2022-01-11 06:43:27 --> include(template/header.php): Failed to open stream: No such file or directory
#0 C:\xampp\htdocs\perum_ppd\app\Views\company\history.php(1): CodeIgniter\Debug\Exceptions->errorHandler(2, 'include(templat...', 'C:\\xampp\\htdocs...', 1)
#1 C:\xampp\htdocs\perum_ppd\app\Views\company\history.php(1): include()
#2 C:\xampp\htdocs\perum_ppd\system\View\View.php(214): include('C:\\xampp\\htdocs...')
#3 C:\xampp\htdocs\perum_ppd\system\View\View.php(217): CodeIgniter\View\View->CodeIgniter\View\{closure}()
#4 C:\xampp\htdocs\perum_ppd\system\Common.php(1092): CodeIgniter\View\View->render('company/history', Array, true)
#5 C:\xampp\htdocs\perum_ppd\app\Controllers\Company.php(24): view('company/history')
#6 C:\xampp\htdocs\perum_ppd\system\CodeIgniter.php(802): App\Controllers\Company->history()
#7 C:\xampp\htdocs\perum_ppd\system\CodeIgniter.php(399): CodeIgniter\CodeIgniter->runController(Object(App\Controllers\Company))
#8 C:\xampp\htdocs\perum_ppd\system\CodeIgniter.php(317): CodeIgniter\CodeIgniter->handleRequest(NULL, Object(Config\Cache), false)
#9 C:\xampp\htdocs\perum_ppd\index.php(37): CodeIgniter\CodeIgniter->run()
#10 {main}
CRITICAL - 2022-01-11 06:43:29 --> include(template/header.php): Failed to open stream: No such file or directory
#0 C:\xampp\htdocs\perum_ppd\app\Views\company\history.php(1): CodeIgniter\Debug\Exceptions->errorHandler(2, 'include(templat...', 'C:\\xampp\\htdocs...', 1)
#1 C:\xampp\htdocs\perum_ppd\app\Views\company\history.php(1): include()
#2 C:\xampp\htdocs\perum_ppd\system\View\View.php(214): include('C:\\xampp\\htdocs...')
#3 C:\xampp\htdocs\perum_ppd\system\View\View.php(217): CodeIgniter\View\View->CodeIgniter\View\{closure}()
#4 C:\xampp\htdocs\perum_ppd\system\Common.php(1092): CodeIgniter\View\View->render('company/history', Array, true)
#5 C:\xampp\htdocs\perum_ppd\app\Controllers\Company.php(24): view('company/history')
#6 C:\xampp\htdocs\perum_ppd\system\CodeIgniter.php(802): App\Controllers\Company->history()
#7 C:\xampp\htdocs\perum_ppd\system\CodeIgniter.php(399): CodeIgniter\CodeIgniter->runController(Object(App\Controllers\Company))
#8 C:\xampp\htdocs\perum_ppd\system\CodeIgniter.php(317): CodeIgniter\CodeIgniter->handleRequest(NULL, Object(Config\Cache), false)
#9 C:\xampp\htdocs\perum_ppd\index.php(37): CodeIgniter\CodeIgniter->run()
#10 {main}
CRITICAL - 2022-01-11 06:45:29 --> Invalid file: history.php
#0 C:\xampp\htdocs\perum_ppd\system\View\View.php(198): CodeIgniter\Exceptions\FrameworkException::forInvalidFile('history.php')
#1 C:\xampp\htdocs\perum_ppd\system\Common.php(1092): CodeIgniter\View\View->render('history', Array, true)
#2 C:\xampp\htdocs\perum_ppd\app\Controllers\Company.php(24): view('history')
#3 C:\xampp\htdocs\perum_ppd\system\CodeIgniter.php(802): App\Controllers\Company->history()
#4 C:\xampp\htdocs\perum_ppd\system\CodeIgniter.php(399): CodeIgniter\CodeIgniter->runController(Object(App\Controllers\Company))
#5 C:\xampp\htdocs\perum_ppd\system\CodeIgniter.php(317): CodeIgniter\CodeIgniter->handleRequest(NULL, Object(Config\Cache), false)
#6 C:\xampp\htdocs\perum_ppd\index.php(37): CodeIgniter\CodeIgniter->run()
#7 {main}
CRITICAL - 2022-01-11 06:45:31 --> Invalid file: history.php
#0 C:\xampp\htdocs\perum_ppd\system\View\View.php(198): CodeIgniter\Exceptions\FrameworkException::forInvalidFile('history.php')
#1 C:\xampp\htdocs\perum_ppd\system\Common.php(1092): CodeIgniter\View\View->render('history', Array, true)
#2 C:\xampp\htdocs\perum_ppd\app\Controllers\Company.php(24): view('history')
#3 C:\xampp\htdocs\perum_ppd\system\CodeIgniter.php(802): App\Controllers\Company->history()
#4 C:\xampp\htdocs\perum_ppd\system\CodeIgniter.php(399): CodeIgniter\CodeIgniter->runController(Object(App\Controllers\Company))
#5 C:\xampp\htdocs\perum_ppd\system\CodeIgniter.php(317): CodeIgniter\CodeIgniter->handleRequest(NULL, Object(Config\Cache), false)
#6 C:\xampp\htdocs\perum_ppd\index.php(37): CodeIgniter\CodeIgniter->run()
#7 {main}
CRITICAL - 2022-01-11 06:49:40 --> include(template/header.php): Failed to open stream: No such file or directory
#0 C:\xampp\htdocs\perum_ppd\app\Views\company\history.php(1): CodeIgniter\Debug\Exceptions->errorHandler(2, 'include(templat...', 'C:\\xampp\\htdocs...', 1)
#1 C:\xampp\htdocs\perum_ppd\app\Views\company\history.php(1): include()
#2 C:\xampp\htdocs\perum_ppd\system\View\View.php(214): include('C:\\xampp\\htdocs...')
#3 C:\xampp\htdocs\perum_ppd\system\View\View.php(217): CodeIgniter\View\View->CodeIgniter\View\{closure}()
#4 C:\xampp\htdocs\perum_ppd\system\Common.php(1092): CodeIgniter\View\View->render('Company/history', Array, true)
#5 C:\xampp\htdocs\perum_ppd\app\Controllers\Company.php(24): view('Company/history')
#6 C:\xampp\htdocs\perum_ppd\system\CodeIgniter.php(802): App\Controllers\Company->history()
#7 C:\xampp\htdocs\perum_ppd\system\CodeIgniter.php(399): CodeIgniter\CodeIgniter->runController(Object(App\Controllers\Company))
#8 C:\xampp\htdocs\perum_ppd\system\CodeIgniter.php(317): CodeIgniter\CodeIgniter->handleRequest(NULL, Object(Config\Cache), false)
#9 C:\xampp\htdocs\perum_ppd\index.php(37): CodeIgniter\CodeIgniter->run()
#10 {main}
CRITICAL - 2022-01-11 06:54:18 --> include(template/header.php): Failed to open stream: No such file or directory
#0 C:\xampp\htdocs\perum_ppd\app\Views\company\history.php(1): CodeIgniter\Debug\Exceptions->errorHandler(2, 'include(templat...', 'C:\\xampp\\htdocs...', 1)
#1 C:\xampp\htdocs\perum_ppd\app\Views\company\history.php(1): include()
#2 C:\xampp\htdocs\perum_ppd\system\View\View.php(214): include('C:\\xampp\\htdocs...')
#3 C:\xampp\htdocs\perum_ppd\system\View\View.php(217): CodeIgniter\View\View->CodeIgniter\View\{closure}()
#4 C:\xampp\htdocs\perum_ppd\system\Common.php(1092): CodeIgniter\View\View->render('company/history', Array, true)
#5 C:\xampp\htdocs\perum_ppd\app\Controllers\Faq.php(12): view('company/history')
#6 C:\xampp\htdocs\perum_ppd\system\CodeIgniter.php(802): App\Controllers\Faq->index()
#7 C:\xampp\htdocs\perum_ppd\system\CodeIgniter.php(399): CodeIgniter\CodeIgniter->runController(Object(App\Controllers\Faq))
#8 C:\xampp\htdocs\perum_ppd\system\CodeIgniter.php(317): CodeIgniter\CodeIgniter->handleRequest(NULL, Object(Config\Cache), false)
#9 C:\xampp\htdocs\perum_ppd\index.php(37): CodeIgniter\CodeIgniter->run()
#10 {main}
CRITICAL - 2022-01-11 06:54:24 --> include(template/header.php): Failed to open stream: No such file or directory
#0 C:\xampp\htdocs\perum_ppd\app\Views\company\history.php(1): CodeIgniter\Debug\Exceptions->errorHandler(2, 'include(templat...', 'C:\\xampp\\htdocs...', 1)
#1 C:\xampp\htdocs\perum_ppd\app\Views\company\history.php(1): include()
#2 C:\xampp\htdocs\perum_ppd\system\View\View.php(214): include('C:\\xampp\\htdocs...')
#3 C:\xampp\htdocs\perum_ppd\system\View\View.php(217): CodeIgniter\View\View->CodeIgniter\View\{closure}()
#4 C:\xampp\htdocs\perum_ppd\system\Common.php(1092): CodeIgniter\View\View->render('company/history', Array, true)
#5 C:\xampp\htdocs\perum_ppd\app\Controllers\Faq.php(12): view('company/history')
#6 C:\xampp\htdocs\perum_ppd\system\CodeIgniter.php(802): App\Controllers\Faq->index()
#7 C:\xampp\htdocs\perum_ppd\system\CodeIgniter.php(399): CodeIgniter\CodeIgniter->runController(Object(App\Controllers\Faq))
#8 C:\xampp\htdocs\perum_ppd\system\CodeIgniter.php(317): CodeIgniter\CodeIgniter->handleRequest(NULL, Object(Config\Cache), false)
#9 C:\xampp\htdocs\perum_ppd\index.php(37): CodeIgniter\CodeIgniter->run()
#10 {main}
CRITICAL - 2022-01-11 06:56:25 --> include(template/header.php): Failed to open stream: No such file or directory
#0 C:\xampp\htdocs\perum_ppd\app\Views\company\history.php(1): CodeIgniter\Debug\Exceptions->errorHandler(2, 'include(templat...', 'C:\\xampp\\htdocs...', 1)
#1 C:\xampp\htdocs\perum_ppd\app\Views\company\history.php(1): include()
#2 C:\xampp\htdocs\perum_ppd\system\View\View.php(214): include('C:\\xampp\\htdocs...')
#3 C:\xampp\htdocs\perum_ppd\system\View\View.php(217): CodeIgniter\View\View->CodeIgniter\View\{closure}()
#4 C:\xampp\htdocs\perum_ppd\system\Common.php(1092): CodeIgniter\View\View->render('company/history', Array, true)
#5 C:\xampp\htdocs\perum_ppd\app\Controllers\Faq.php(12): view('company/history')
#6 C:\xampp\htdocs\perum_ppd\system\CodeIgniter.php(802): App\Controllers\Faq->index()
#7 C:\xampp\htdocs\perum_ppd\system\CodeIgniter.php(399): CodeIgniter\CodeIgniter->runController(Object(App\Controllers\Faq))
#8 C:\xampp\htdocs\perum_ppd\system\CodeIgniter.php(317): CodeIgniter\CodeIgniter->handleRequest(NULL, Object(Config\Cache), false)
#9 C:\xampp\htdocs\perum_ppd\public\index.php(37): CodeIgniter\CodeIgniter->run()
#10 C:\xampp\htdocs\perum_ppd\system\Commands\Server\rewrite.php(43): require_once('C:\\xampp\\htdocs...')
#11 {main}
CRITICAL - 2022-01-11 07:02:48 --> include(template/header.php): Failed to open stream: No such file or directory
#0 C:\xampp\htdocs\perum_ppd\app\Views\company\history.php(1): CodeIgniter\Debug\Exceptions->errorHandler(2, 'include(templat...', 'C:\\xampp\\htdocs...', 1)
#1 C:\xampp\htdocs\perum_ppd\app\Views\company\history.php(1): include()
#2 C:\xampp\htdocs\perum_ppd\system\View\View.php(214): include('C:\\xampp\\htdocs...')
#3 C:\xampp\htdocs\perum_ppd\system\View\View.php(217): CodeIgniter\View\View->CodeIgniter\View\{closure}()
#4 C:\xampp\htdocs\perum_ppd\system\Common.php(1092): CodeIgniter\View\View->render('Company/history', Array, true)
#5 C:\xampp\htdocs\perum_ppd\app\Controllers\Company.php(24): view('Company/history')
#6 C:\xampp\htdocs\perum_ppd\system\CodeIgniter.php(802): App\Controllers\Company->history()
#7 C:\xampp\htdocs\perum_ppd\system\CodeIgniter.php(399): CodeIgniter\CodeIgniter->runController(Object(App\Controllers\Company))
#8 C:\xampp\htdocs\perum_ppd\system\CodeIgniter.php(317): CodeIgniter\CodeIgniter->handleRequest(NULL, Object(Config\Cache), false)
#9 C:\xampp\htdocs\perum_ppd\index.php(37): CodeIgniter\CodeIgniter->run()
#10 {main}
CRITICAL - 2022-01-11 07:03:00 --> include(template/header.php): Failed to open stream: No such file or directory
#0 C:\xampp\htdocs\perum_ppd\app\Views\company\history.php(1): CodeIgniter\Debug\Exceptions->errorHandler(2, 'include(templat...', 'C:\\xampp\\htdocs...', 1)
#1 C:\xampp\htdocs\perum_ppd\app\Views\company\history.php(1): include()
#2 C:\xampp\htdocs\perum_ppd\system\View\View.php(214): include('C:\\xampp\\htdocs...')
#3 C:\xampp\htdocs\perum_ppd\system\View\View.php(217): CodeIgniter\View\View->CodeIgniter\View\{closure}()
#4 C:\xampp\htdocs\perum_ppd\system\Common.php(1092): CodeIgniter\View\View->render('Company/history', Array, true)
#5 C:\xampp\htdocs\perum_ppd\app\Controllers\Company.php(24): view('Company/history')
#6 C:\xampp\htdocs\perum_ppd\system\CodeIgniter.php(802): App\Controllers\Company->history()
#7 C:\xampp\htdocs\perum_ppd\system\CodeIgniter.php(399): CodeIgniter\CodeIgniter->runController(Object(App\Controllers\Company))
#8 C:\xampp\htdocs\perum_ppd\system\CodeIgniter.php(317): CodeIgniter\CodeIgniter->handleRequest(NULL, Object(Config\Cache), false)
#9 C:\xampp\htdocs\perum_ppd\index.php(37): CodeIgniter\CodeIgniter->run()
#10 {main}
CRITICAL - 2022-01-11 07:07:03 --> include(template/header.php): Failed to open stream: No such file or directory
#0 C:\xampp\htdocs\perum_ppd\app\Views\company\history.php(1): CodeIgniter\Debug\Exceptions->errorHandler(2, 'include(templat...', 'C:\\xampp\\htdocs...', 1)
#1 C:\xampp\htdocs\perum_ppd\app\Views\company\history.php(1): include()
#2 C:\xampp\htdocs\perum_ppd\system\View\View.php(214): include('C:\\xampp\\htdocs...')
#3 C:\xampp\htdocs\perum_ppd\system\View\View.php(217): CodeIgniter\View\View->CodeIgniter\View\{closure}()
#4 C:\xampp\htdocs\perum_ppd\system\Common.php(1092): CodeIgniter\View\View->render('Company/history', Array, true)
#5 C:\xampp\htdocs\perum_ppd\app\Controllers\Company.php(24): view('Company/history')
#6 C:\xampp\htdocs\perum_ppd\system\CodeIgniter.php(802): App\Controllers\Company->history()
#7 C:\xampp\htdocs\perum_ppd\system\CodeIgniter.php(399): CodeIgniter\CodeIgniter->runController(Object(App\Controllers\Company))
#8 C:\xampp\htdocs\perum_ppd\system\CodeIgniter.php(317): CodeIgniter\CodeIgniter->handleRequest(NULL, Object(Config\Cache), false)
#9 C:\xampp\htdocs\perum_ppd\index.php(37): CodeIgniter\CodeIgniter->run()
#10 {main}
CRITICAL - 2022-01-11 07:16:27 --> include(template/header.php): Failed to open stream: No such file or directory
#0 C:\xampp\htdocs\perum_ppd\app\Views\company\history.php(1): CodeIgniter\Debug\Exceptions->errorHandler(2, 'include(templat...', 'C:\\xampp\\htdocs...', 1)
#1 C:\xampp\htdocs\perum_ppd\app\Views\company\history.php(1): include()
#2 C:\xampp\htdocs\perum_ppd\system\View\View.php(214): include('C:\\xampp\\htdocs...')
#3 C:\xampp\htdocs\perum_ppd\system\View\View.php(217): CodeIgniter\View\View->CodeIgniter\View\{closure}()
#4 C:\xampp\htdocs\perum_ppd\system\Common.php(1092): CodeIgniter\View\View->render('company/history', Array, true)
#5 C:\xampp\htdocs\perum_ppd\app\Controllers\Faq.php(12): view('company/history')
#6 C:\xampp\htdocs\perum_ppd\system\CodeIgniter.php(802): App\Controllers\Faq->index()
#7 C:\xampp\htdocs\perum_ppd\system\CodeIgniter.php(399): CodeIgniter\CodeIgniter->runController(Object(App\Controllers\Faq))
#8 C:\xampp\htdocs\perum_ppd\system\CodeIgniter.php(317): CodeIgniter\CodeIgniter->handleRequest(NULL, Object(Config\Cache), false)
#9 C:\xampp\htdocs\perum_ppd\index.php(37): CodeIgniter\CodeIgniter->run()
#10 {main}
CRITICAL - 2022-01-11 07:16:29 --> include(template/header.php): Failed to open stream: No such file or directory
#0 C:\xampp\htdocs\perum_ppd\app\Views\company\history.php(1): CodeIgniter\Debug\Exceptions->errorHandler(2, 'include(templat...', 'C:\\xampp\\htdocs...', 1)
#1 C:\xampp\htdocs\perum_ppd\app\Views\company\history.php(1): include()
#2 C:\xampp\htdocs\perum_ppd\system\View\View.php(214): include('C:\\xampp\\htdocs...')
#3 C:\xampp\htdocs\perum_ppd\system\View\View.php(217): CodeIgniter\View\View->CodeIgniter\View\{closure}()
#4 C:\xampp\htdocs\perum_ppd\system\Common.php(1092): CodeIgniter\View\View->render('company/history', Array, true)
#5 C:\xampp\htdocs\perum_ppd\app\Controllers\Faq.php(12): view('company/history')
#6 C:\xampp\htdocs\perum_ppd\system\CodeIgniter.php(802): App\Controllers\Faq->index()
#7 C:\xampp\htdocs\perum_ppd\system\CodeIgniter.php(399): CodeIgniter\CodeIgniter->runController(Object(App\Controllers\Faq))
#8 C:\xampp\htdocs\perum_ppd\system\CodeIgniter.php(317): CodeIgniter\CodeIgniter->handleRequest(NULL, Object(Config\Cache), false)
#9 C:\xampp\htdocs\perum_ppd\index.php(37): CodeIgniter\CodeIgniter->run()
#10 {main}
CRITICAL - 2022-01-11 07:29:56 --> include(template/header.php): Failed to open stream: No such file or directory
#0 C:\xampp\htdocs\perum_ppd\app\Views\company\history.php(1): CodeIgniter\Debug\Exceptions->errorHandler(2, 'include(templat...', 'C:\\xampp\\htdocs...', 1)
#1 C:\xampp\htdocs\perum_ppd\app\Views\company\history.php(1): include()
#2 C:\xampp\htdocs\perum_ppd\system\View\View.php(214): include('C:\\xampp\\htdocs...')
#3 C:\xampp\htdocs\perum_ppd\system\View\View.php(217): CodeIgniter\View\View->CodeIgniter\View\{closure}()
#4 C:\xampp\htdocs\perum_ppd\system\Common.php(1092): CodeIgniter\View\View->render('Company/history', Array, true)
#5 C:\xampp\htdocs\perum_ppd\app\Controllers\Company.php(24): view('Company/history')
#6 C:\xampp\htdocs\perum_ppd\system\CodeIgniter.php(802): App\Controllers\Company->history()
#7 C:\xampp\htdocs\perum_ppd\system\CodeIgniter.php(399): CodeIgniter\CodeIgniter->runController(Object(App\Controllers\Company))
#8 C:\xampp\htdocs\perum_ppd\system\CodeIgniter.php(317): CodeIgniter\CodeIgniter->handleRequest(NULL, Object(Config\Cache), false)
#9 C:\xampp\htdocs\perum_ppd\public\index.php(37): CodeIgniter\CodeIgniter->run()
#10 C:\xampp\htdocs\perum_ppd\system\Commands\Server\rewrite.php(43): require_once('C:\\xampp\\htdocs...')
#11 {main}
CRITICAL - 2022-01-11 07:30:53 --> include(template/header.php): Failed to open stream: No such file or directory
#0 C:\xampp\htdocs\perum_ppd\app\Views\company\history.php(1): CodeIgniter\Debug\Exceptions->errorHandler(2, 'include(templat...', 'C:\\xampp\\htdocs...', 1)
#1 C:\xampp\htdocs\perum_ppd\app\Views\company\history.php(1): include()
#2 C:\xampp\htdocs\perum_ppd\system\View\View.php(214): include('C:\\xampp\\htdocs...')
#3 C:\xampp\htdocs\perum_ppd\system\View\View.php(217): CodeIgniter\View\View->CodeIgniter\View\{closure}()
#4 C:\xampp\htdocs\perum_ppd\system\Common.php(1092): CodeIgniter\View\View->render('company/history', Array, true)
#5 C:\xampp\htdocs\perum_ppd\app\Controllers\Faq.php(12): view('company/history')
#6 C:\xampp\htdocs\perum_ppd\system\CodeIgniter.php(802): App\Controllers\Faq->index()
#7 C:\xampp\htdocs\perum_ppd\system\CodeIgniter.php(399): CodeIgniter\CodeIgniter->runController(Object(App\Controllers\Faq))
#8 C:\xampp\htdocs\perum_ppd\system\CodeIgniter.php(317): CodeIgniter\CodeIgniter->handleRequest(NULL, Object(Config\Cache), false)
#9 C:\xampp\htdocs\perum_ppd\public\index.php(37): CodeIgniter\CodeIgniter->run()
#10 C:\xampp\htdocs\perum_ppd\system\Commands\Server\rewrite.php(43): require_once('C:\\xampp\\htdocs...')
#11 {main}
CRITICAL - 2022-01-11 07:31:12 --> include(template/header.php): Failed to open stream: No such file or directory
#0 C:\xampp\htdocs\perum_ppd\app\Views\company\history.php(1): CodeIgniter\Debug\Exceptions->errorHandler(2, 'include(templat...', 'C:\\xampp\\htdocs...', 1)
#1 C:\xampp\htdocs\perum_ppd\app\Views\company\history.php(1): include()
#2 C:\xampp\htdocs\perum_ppd\system\View\View.php(214): include('C:\\xampp\\htdocs...')
#3 C:\xampp\htdocs\perum_ppd\system\View\View.php(217): CodeIgniter\View\View->CodeIgniter\View\{closure}()
#4 C:\xampp\htdocs\perum_ppd\system\Common.php(1092): CodeIgniter\View\View->render('company/history', Array, true)
#5 C:\xampp\htdocs\perum_ppd\app\Controllers\Faq.php(12): view('company/history')
#6 C:\xampp\htdocs\perum_ppd\system\CodeIgniter.php(802): App\Controllers\Faq->index()
#7 C:\xampp\htdocs\perum_ppd\system\CodeIgniter.php(399): CodeIgniter\CodeIgniter->runController(Object(App\Controllers\Faq))
#8 C:\xampp\htdocs\perum_ppd\system\CodeIgniter.php(317): CodeIgniter\CodeIgniter->handleRequest(NULL, Object(Config\Cache), false)
#9 C:\xampp\htdocs\perum_ppd\public\index.php(37): CodeIgniter\CodeIgniter->run()
#10 C:\xampp\htdocs\perum_ppd\system\Commands\Server\rewrite.php(43): require_once('C:\\xampp\\htdocs...')
#11 {main}
CRITICAL - 2022-01-11 07:31:17 --> include(template/header.php): Failed to open stream: No such file or directory
#0 C:\xampp\htdocs\perum_ppd\app\Views\company\history.php(1): CodeIgniter\Debug\Exceptions->errorHandler(2, 'include(templat...', 'C:\\xampp\\htdocs...', 1)
#1 C:\xampp\htdocs\perum_ppd\app\Views\company\history.php(1): include()
#2 C:\xampp\htdocs\perum_ppd\system\View\View.php(214): include('C:\\xampp\\htdocs...')
#3 C:\xampp\htdocs\perum_ppd\system\View\View.php(217): CodeIgniter\View\View->CodeIgniter\View\{closure}()
#4 C:\xampp\htdocs\perum_ppd\system\Common.php(1092): CodeIgniter\View\View->render('company/history', Array, true)
#5 C:\xampp\htdocs\perum_ppd\app\Controllers\Faq.php(12): view('company/history')
#6 C:\xampp\htdocs\perum_ppd\system\CodeIgniter.php(802): App\Controllers\Faq->index()
#7 C:\xampp\htdocs\perum_ppd\system\CodeIgniter.php(399): CodeIgniter\CodeIgniter->runController(Object(App\Controllers\Faq))
#8 C:\xampp\htdocs\perum_ppd\system\CodeIgniter.php(317): CodeIgniter\CodeIgniter->handleRequest(NULL, Object(Config\Cache), false)
#9 C:\xampp\htdocs\perum_ppd\public\index.php(37): CodeIgniter\CodeIgniter->run()
#10 C:\xampp\htdocs\perum_ppd\system\Commands\Server\rewrite.php(43): require_once('C:\\xampp\\htdocs...')
#11 {main}
CRITICAL - 2022-01-11 07:31:27 --> include(template/header.php): Failed to open stream: No such file or directory
#0 C:\xampp\htdocs\perum_ppd\app\Views\company\history.php(1): CodeIgniter\Debug\Exceptions->errorHandler(2, 'include(templat...', 'C:\\xampp\\htdocs...', 1)
#1 C:\xampp\htdocs\perum_ppd\app\Views\company\history.php(1): include()
#2 C:\xampp\htdocs\perum_ppd\system\View\View.php(214): include('C:\\xampp\\htdocs...')
#3 C:\xampp\htdocs\perum_ppd\system\View\View.php(217): CodeIgniter\View\View->CodeIgniter\View\{closure}()
#4 C:\xampp\htdocs\perum_ppd\system\Common.php(1092): CodeIgniter\View\View->render('company/history', Array, true)
#5 C:\xampp\htdocs\perum_ppd\app\Controllers\Faq.php(12): view('company/history')
#6 C:\xampp\htdocs\perum_ppd\system\CodeIgniter.php(802): App\Controllers\Faq->index()
#7 C:\xampp\htdocs\perum_ppd\system\CodeIgniter.php(399): CodeIgniter\CodeIgniter->runController(Object(App\Controllers\Faq))
#8 C:\xampp\htdocs\perum_ppd\system\CodeIgniter.php(317): CodeIgniter\CodeIgniter->handleRequest(NULL, Object(Config\Cache), false)
#9 C:\xampp\htdocs\perum_ppd\public\index.php(37): CodeIgniter\CodeIgniter->run()
#10 C:\xampp\htdocs\perum_ppd\system\Commands\Server\rewrite.php(43): require_once('C:\\xampp\\htdocs...')
#11 {main}
CRITICAL - 2022-01-11 07:31:42 --> include(template/header.php): Failed to open stream: No such file or directory
#0 C:\xampp\htdocs\perum_ppd\app\Views\company\history.php(1): CodeIgniter\Debug\Exceptions->errorHandler(2, 'include(templat...', 'C:\\xampp\\htdocs...', 1)
#1 C:\xampp\htdocs\perum_ppd\app\Views\company\history.php(1): include()
#2 C:\xampp\htdocs\perum_ppd\system\View\View.php(214): include('C:\\xampp\\htdocs...')
#3 C:\xampp\htdocs\perum_ppd\system\View\View.php(217): CodeIgniter\View\View->CodeIgniter\View\{closure}()
#4 C:\xampp\htdocs\perum_ppd\system\Common.php(1092): CodeIgniter\View\View->render('Company/history', Array, true)
#5 C:\xampp\htdocs\perum_ppd\app\Controllers\Company.php(24): view('Company/history')
#6 C:\xampp\htdocs\perum_ppd\system\CodeIgniter.php(802): App\Controllers\Company->history()
#7 C:\xampp\htdocs\perum_ppd\system\CodeIgniter.php(399): CodeIgniter\CodeIgniter->runController(Object(App\Controllers\Company))
#8 C:\xampp\htdocs\perum_ppd\system\CodeIgniter.php(317): CodeIgniter\CodeIgniter->handleRequest(NULL, Object(Config\Cache), false)
#9 C:\xampp\htdocs\perum_ppd\public\index.php(37): CodeIgniter\CodeIgniter->run()
#10 C:\xampp\htdocs\perum_ppd\system\Commands\Server\rewrite.php(43): require_once('C:\\xampp\\htdocs...')
#11 {main}
CRITICAL - 2022-01-11 19:58:26 --> include(template/header.php): Failed to open stream: No such file or directory
#0 C:\xampp\htdocs\perum_ppd\app\Views\company\history.php(1): CodeIgniter\Debug\Exceptions->errorHandler(2, 'include(templat...', 'C:\\xampp\\htdocs...', 1)
#1 C:\xampp\htdocs\perum_ppd\app\Views\company\history.php(1): include()
#2 C:\xampp\htdocs\perum_ppd\system\View\View.php(214): include('C:\\xampp\\htdocs...')
#3 C:\xampp\htdocs\perum_ppd\system\View\View.php(217): CodeIgniter\View\View->CodeIgniter\View\{closure}()
#4 C:\xampp\htdocs\perum_ppd\system\Common.php(1092): CodeIgniter\View\View->render('company/history', Array, true)
#5 C:\xampp\htdocs\perum_ppd\app\Controllers\Company.php(24): view('company/history')
#6 C:\xampp\htdocs\perum_ppd\system\CodeIgniter.php(802): App\Controllers\Company->history()
#7 C:\xampp\htdocs\perum_ppd\system\CodeIgniter.php(399): CodeIgniter\CodeIgniter->runController(Object(App\Controllers\Company))
#8 C:\xampp\htdocs\perum_ppd\system\CodeIgniter.php(317): CodeIgniter\CodeIgniter->handleRequest(NULL, Object(Config\Cache), false)
#9 C:\xampp\htdocs\perum_ppd\index.php(37): CodeIgniter\CodeIgniter->run()
#10 {main}
CRITICAL - 2022-01-11 19:59:51 --> include(../template/header.php): Failed to open stream: No such file or directory
#0 C:\xampp\htdocs\perum_ppd\app\Views\company\history.php(1): CodeIgniter\Debug\Exceptions->errorHandler(2, 'include(../temp...', 'C:\\xampp\\htdocs...', 1)
#1 C:\xampp\htdocs\perum_ppd\app\Views\company\history.php(1): include()
#2 C:\xampp\htdocs\perum_ppd\system\View\View.php(214): include('C:\\xampp\\htdocs...')
#3 C:\xampp\htdocs\perum_ppd\system\View\View.php(217): CodeIgniter\View\View->CodeIgniter\View\{closure}()
#4 C:\xampp\htdocs\perum_ppd\system\Common.php(1092): CodeIgniter\View\View->render('company/history', Array, true)
#5 C:\xampp\htdocs\perum_ppd\app\Controllers\Company.php(24): view('company/history')
#6 C:\xampp\htdocs\perum_ppd\system\CodeIgniter.php(802): App\Controllers\Company->history()
#7 C:\xampp\htdocs\perum_ppd\system\CodeIgniter.php(399): CodeIgniter\CodeIgniter->runController(Object(App\Controllers\Company))
#8 C:\xampp\htdocs\perum_ppd\system\CodeIgniter.php(317): CodeIgniter\CodeIgniter->handleRequest(NULL, Object(Config\Cache), false)
#9 C:\xampp\htdocs\perum_ppd\index.php(37): CodeIgniter\CodeIgniter->run()
#10 {main}
CRITICAL - 2022-01-11 19:59:58 --> include(./template/header.php): Failed to open stream: No such file or directory
#0 C:\xampp\htdocs\perum_ppd\app\Views\company\history.php(1): CodeIgniter\Debug\Exceptions->errorHandler(2, 'include(./templ...', 'C:\\xampp\\htdocs...', 1)
#1 C:\xampp\htdocs\perum_ppd\app\Views\company\history.php(1): include()
#2 C:\xampp\htdocs\perum_ppd\system\View\View.php(214): include('C:\\xampp\\htdocs...')
#3 C:\xampp\htdocs\perum_ppd\system\View\View.php(217): CodeIgniter\View\View->CodeIgniter\View\{closure}()
#4 C:\xampp\htdocs\perum_ppd\system\Common.php(1092): CodeIgniter\View\View->render('company/history', Array, true)
#5 C:\xampp\htdocs\perum_ppd\app\Controllers\Company.php(24): view('company/history')
#6 C:\xampp\htdocs\perum_ppd\system\CodeIgniter.php(802): App\Controllers\Company->history()
#7 C:\xampp\htdocs\perum_ppd\system\CodeIgniter.php(399): CodeIgniter\CodeIgniter->runController(Object(App\Controllers\Company))
#8 C:\xampp\htdocs\perum_ppd\system\CodeIgniter.php(317): CodeIgniter\CodeIgniter->handleRequest(NULL, Object(Config\Cache), false)
#9 C:\xampp\htdocs\perum_ppd\index.php(37): CodeIgniter\CodeIgniter->run()
#10 {main}
CRITICAL - 2022-01-11 20:00:02 --> include(/template/header.php): Failed to open stream: No such file or directory
#0 C:\xampp\htdocs\perum_ppd\app\Views\company\history.php(1): CodeIgniter\Debug\Exceptions->errorHandler(2, 'include(/templa...', 'C:\\xampp\\htdocs...', 1)
#1 C:\xampp\htdocs\perum_ppd\app\Views\company\history.php(1): include()
#2 C:\xampp\htdocs\perum_ppd\system\View\View.php(214): include('C:\\xampp\\htdocs...')
#3 C:\xampp\htdocs\perum_ppd\system\View\View.php(217): CodeIgniter\View\View->CodeIgniter\View\{closure}()
#4 C:\xampp\htdocs\perum_ppd\system\Common.php(1092): CodeIgniter\View\View->render('company/history', Array, true)
#5 C:\xampp\htdocs\perum_ppd\app\Controllers\Company.php(24): view('company/history')
#6 C:\xampp\htdocs\perum_ppd\system\CodeIgniter.php(802): App\Controllers\Company->history()
#7 C:\xampp\htdocs\perum_ppd\system\CodeIgniter.php(399): CodeIgniter\CodeIgniter->runController(Object(App\Controllers\Company))
#8 C:\xampp\htdocs\perum_ppd\system\CodeIgniter.php(317): CodeIgniter\CodeIgniter->handleRequest(NULL, Object(Config\Cache), false)
#9 C:\xampp\htdocs\perum_ppd\index.php(37): CodeIgniter\CodeIgniter->run()
#10 {main}
CRITICAL - 2022-01-11 20:00:22 --> include(&lt;?php base_url(); ?&gt;template/header.php): Failed to open stream: No such file or directory
#0 C:\xampp\htdocs\perum_ppd\app\Views\company\history.php(1): CodeIgniter\Debug\Exceptions->errorHandler(2, 'include(&lt;?ph...', 'C:\\xampp\\htdocs...', 1)
#1 C:\xampp\htdocs\perum_ppd\app\Views\company\history.php(1): include()
#2 C:\xampp\htdocs\perum_ppd\system\View\View.php(214): include('C:\\xampp\\htdocs...')
#3 C:\xampp\htdocs\perum_ppd\system\View\View.php(217): CodeIgniter\View\View->CodeIgniter\View\{closure}()
#4 C:\xampp\htdocs\perum_ppd\system\Common.php(1092): CodeIgniter\View\View->render('company/history', Array, true)
#5 C:\xampp\htdocs\perum_ppd\app\Controllers\Company.php(24): view('company/history')
#6 C:\xampp\htdocs\perum_ppd\system\CodeIgniter.php(802): App\Controllers\Company->history()
#7 C:\xampp\htdocs\perum_ppd\system\CodeIgniter.php(399): CodeIgniter\CodeIgniter->runController(Object(App\Controllers\Company))
#8 C:\xampp\htdocs\perum_ppd\system\CodeIgniter.php(317): CodeIgniter\CodeIgniter->handleRequest(NULL, Object(Config\Cache), false)
#9 C:\xampp\htdocs\perum_ppd\index.php(37): CodeIgniter\CodeIgniter->run()
#10 {main}
CRITICAL - 2022-01-11 20:00:31 --> syntax error, unexpected token "<"
#0 C:\xampp\htdocs\perum_ppd\system\View\View.php(217): CodeIgniter\View\View->CodeIgniter\View\{closure}()
#1 C:\xampp\htdocs\perum_ppd\system\Common.php(1092): CodeIgniter\View\View->render('company/history', Array, true)
#2 C:\xampp\htdocs\perum_ppd\app\Controllers\Company.php(24): view('company/history')
#3 C:\xampp\htdocs\perum_ppd\system\CodeIgniter.php(802): App\Controllers\Company->history()
#4 C:\xampp\htdocs\perum_ppd\system\CodeIgniter.php(399): CodeIgniter\CodeIgniter->runController(Object(App\Controllers\Company))
#5 C:\xampp\htdocs\perum_ppd\system\CodeIgniter.php(317): CodeIgniter\CodeIgniter->handleRequest(NULL, Object(Config\Cache), false)
#6 C:\xampp\htdocs\perum_ppd\index.php(37): CodeIgniter\CodeIgniter->run()
#7 {main}
CRITICAL - 2022-01-11 20:00:47 --> include(template/header.php): Failed to open stream: No such file or directory
#0 C:\xampp\htdocs\perum_ppd\app\Views\company\history.php(1): CodeIgniter\Debug\Exceptions->errorHandler(2, 'include(templat...', 'C:\\xampp\\htdocs...', 1)
#1 C:\xampp\htdocs\perum_ppd\app\Views\company\history.php(1): include()
#2 C:\xampp\htdocs\perum_ppd\system\View\View.php(214): include('C:\\xampp\\htdocs...')
#3 C:\xampp\htdocs\perum_ppd\system\View\View.php(217): CodeIgniter\View\View->CodeIgniter\View\{closure}()
#4 C:\xampp\htdocs\perum_ppd\system\Common.php(1092): CodeIgniter\View\View->render('company/history', Array, true)
#5 C:\xampp\htdocs\perum_ppd\app\Controllers\Company.php(24): view('company/history')
#6 C:\xampp\htdocs\perum_ppd\system\CodeIgniter.php(802): App\Controllers\Company->history()
#7 C:\xampp\htdocs\perum_ppd\system\CodeIgniter.php(399): CodeIgniter\CodeIgniter->runController(Object(App\Controllers\Company))
#8 C:\xampp\htdocs\perum_ppd\system\CodeIgniter.php(317): CodeIgniter\CodeIgniter->handleRequest(NULL, Object(Config\Cache), false)
#9 C:\xampp\htdocs\perum_ppd\index.php(37): CodeIgniter\CodeIgniter->run()
#10 {main}
CRITICAL - 2022-01-11 20:02:28 --> include(template/header.php): Failed to open stream: No such file or directory
#0 C:\xampp\htdocs\perum_ppd\app\Views\company\history.php(1): CodeIgniter\Debug\Exceptions->errorHandler(2, 'include(templat...', 'C:\\xampp\\htdocs...', 1)
#1 C:\xampp\htdocs\perum_ppd\app\Views\company\history.php(1): include()
#2 C:\xampp\htdocs\perum_ppd\system\View\View.php(214): include('C:\\xampp\\htdocs...')
#3 C:\xampp\htdocs\perum_ppd\system\View\View.php(217): CodeIgniter\View\View->CodeIgniter\View\{closure}()
#4 C:\xampp\htdocs\perum_ppd\system\Common.php(1092): CodeIgniter\View\View->render('company/history', Array, true)
#5 C:\xampp\htdocs\perum_ppd\app\Controllers\Company.php(24): view('company/history')
#6 C:\xampp\htdocs\perum_ppd\system\CodeIgniter.php(802): App\Controllers\Company->history()
#7 C:\xampp\htdocs\perum_ppd\system\CodeIgniter.php(399): CodeIgniter\CodeIgniter->runController(Object(App\Controllers\Company))
#8 C:\xampp\htdocs\perum_ppd\system\CodeIgniter.php(317): CodeIgniter\CodeIgniter->handleRequest(NULL, Object(Config\Cache), false)
#9 C:\xampp\htdocs\perum_ppd\index.php(37): CodeIgniter\CodeIgniter->run()
#10 {main}
CRITICAL - 2022-01-11 20:08:52 --> include(./template/header.php): Failed to open stream: No such file or directory
#0 C:\xampp\htdocs\perum_ppd\app\Views\company\history.php(1): CodeIgniter\Debug\Exceptions->errorHandler(2, 'include(./templ...', 'C:\\xampp\\htdocs...', 1)
#1 C:\xampp\htdocs\perum_ppd\app\Views\company\history.php(1): include()
#2 C:\xampp\htdocs\perum_ppd\system\View\View.php(214): include('C:\\xampp\\htdocs...')
#3 C:\xampp\htdocs\perum_ppd\system\View\View.php(217): CodeIgniter\View\View->CodeIgniter\View\{closure}()
#4 C:\xampp\htdocs\perum_ppd\system\Common.php(1092): CodeIgniter\View\View->render('company/history', Array, true)
#5 C:\xampp\htdocs\perum_ppd\app\Controllers\Company.php(24): view('company/history')
#6 C:\xampp\htdocs\perum_ppd\system\CodeIgniter.php(802): App\Controllers\Company->history()
#7 C:\xampp\htdocs\perum_ppd\system\CodeIgniter.php(399): CodeIgniter\CodeIgniter->runController(Object(App\Controllers\Company))
#8 C:\xampp\htdocs\perum_ppd\system\CodeIgniter.php(317): CodeIgniter\CodeIgniter->handleRequest(NULL, Object(Config\Cache), false)
#9 C:\xampp\htdocs\perum_ppd\index.php(37): CodeIgniter\CodeIgniter->run()
#10 {main}
CRITICAL - 2022-01-11 21:05:18 --> include(template/header.php): Failed to open stream: No such file or directory
#0 C:\xampp\htdocs\perum_ppd\app\Views\company\culture.php(1): CodeIgniter\Debug\Exceptions->errorHandler(2, 'include(templat...', 'C:\\xampp\\htdocs...', 1)
#1 C:\xampp\htdocs\perum_ppd\app\Views\company\culture.php(1): include()
#2 C:\xampp\htdocs\perum_ppd\system\View\View.php(214): include('C:\\xampp\\htdocs...')
#3 C:\xampp\htdocs\perum_ppd\system\View\View.php(217): CodeIgniter\View\View->CodeIgniter\View\{closure}()
#4 C:\xampp\htdocs\perum_ppd\system\Common.php(1092): CodeIgniter\View\View->render('company/culture', Array, true)
#5 C:\xampp\htdocs\perum_ppd\app\Controllers\Company.php(31): view('company/culture')
#6 C:\xampp\htdocs\perum_ppd\system\CodeIgniter.php(802): App\Controllers\Company->culture()
#7 C:\xampp\htdocs\perum_ppd\system\CodeIgniter.php(399): CodeIgniter\CodeIgniter->runController(Object(App\Controllers\Company))
#8 C:\xampp\htdocs\perum_ppd\system\CodeIgniter.php(317): CodeIgniter\CodeIgniter->handleRequest(NULL, Object(Config\Cache), false)
#9 C:\xampp\htdocs\perum_ppd\index.php(37): CodeIgniter\CodeIgniter->run()
#10 {main}
CRITICAL - 2022-01-11 21:06:16 --> Invalid file: vision_mission.php
#0 C:\xampp\htdocs\perum_ppd\system\View\View.php(198): CodeIgniter\Exceptions\FrameworkException::forInvalidFile('vision_mission....')
#1 C:\xampp\htdocs\perum_ppd\system\Common.php(1092): CodeIgniter\View\View->render('vision_mission', Array, true)
#2 C:\xampp\htdocs\perum_ppd\app\Controllers\Company.php(36): view('vision_mission')
#3 C:\xampp\htdocs\perum_ppd\system\CodeIgniter.php(802): App\Controllers\Company->visi_misi()
#4 C:\xampp\htdocs\perum_ppd\system\CodeIgniter.php(399): CodeIgniter\CodeIgniter->runController(Object(App\Controllers\Company))
#5 C:\xampp\htdocs\perum_ppd\system\CodeIgniter.php(317): CodeIgniter\CodeIgniter->handleRequest(NULL, Object(Config\Cache), false)
#6 C:\xampp\htdocs\perum_ppd\index.php(37): CodeIgniter\CodeIgniter->run()
#7 {main}
CRITICAL - 2022-01-11 21:07:07 --> Invalid file: vision_mission.php
#0 C:\xampp\htdocs\perum_ppd\system\View\View.php(198): CodeIgniter\Exceptions\FrameworkException::forInvalidFile('vision_mission....')
#1 C:\xampp\htdocs\perum_ppd\system\Common.php(1092): CodeIgniter\View\View->render('vision_mission', Array, true)
#2 C:\xampp\htdocs\perum_ppd\app\Controllers\Company.php(36): view('vision_mission')
#3 C:\xampp\htdocs\perum_ppd\system\CodeIgniter.php(802): App\Controllers\Company->visi_misi()
#4 C:\xampp\htdocs\perum_ppd\system\CodeIgniter.php(399): CodeIgniter\CodeIgniter->runController(Object(App\Controllers\Company))
#5 C:\xampp\htdocs\perum_ppd\system\CodeIgniter.php(317): CodeIgniter\CodeIgniter->handleRequest(NULL, Object(Config\Cache), false)
#6 C:\xampp\htdocs\perum_ppd\index.php(37): CodeIgniter\CodeIgniter->run()
#7 {main}
CRITICAL - 2022-01-11 21:07:22 --> Invalid file: vision_mission.php
#0 C:\xampp\htdocs\perum_ppd\system\View\View.php(198): CodeIgniter\Exceptions\FrameworkException::forInvalidFile('vision_mission....')
#1 C:\xampp\htdocs\perum_ppd\system\Common.php(1092): CodeIgniter\View\View->render('vision_mission', Array, true)
#2 C:\xampp\htdocs\perum_ppd\app\Controllers\Company.php(36): view('vision_mission')
#3 C:\xampp\htdocs\perum_ppd\system\CodeIgniter.php(802): App\Controllers\Company->visi_misi()
#4 C:\xampp\htdocs\perum_ppd\system\CodeIgniter.php(399): CodeIgniter\CodeIgniter->runController(Object(App\Controllers\Company))
#5 C:\xampp\htdocs\perum_ppd\system\CodeIgniter.php(317): CodeIgniter\CodeIgniter->handleRequest(NULL, Object(Config\Cache), false)
#6 C:\xampp\htdocs\perum_ppd\index.php(37): CodeIgniter\CodeIgniter->run()
#7 {main}
CRITICAL - 2022-01-11 21:08:12 --> Invalid file: vision_mission.php
#0 C:\xampp\htdocs\perum_ppd\system\View\View.php(198): CodeIgniter\Exceptions\FrameworkException::forInvalidFile('vision_mission....')
#1 C:\xampp\htdocs\perum_ppd\system\Common.php(1092): CodeIgniter\View\View->render('vision_mission', Array, true)
#2 C:\xampp\htdocs\perum_ppd\app\Controllers\Company.php(36): view('vision_mission')
#3 C:\xampp\htdocs\perum_ppd\system\CodeIgniter.php(802): App\Controllers\Company->visi_misi()
#4 C:\xampp\htdocs\perum_ppd\system\CodeIgniter.php(399): CodeIgniter\CodeIgniter->runController(Object(App\Controllers\Company))
#5 C:\xampp\htdocs\perum_ppd\system\CodeIgniter.php(317): CodeIgniter\CodeIgniter->handleRequest(NULL, Object(Config\Cache), false)
#6 C:\xampp\htdocs\perum_ppd\index.php(37): CodeIgniter\CodeIgniter->run()
#7 {main}
CRITICAL - 2022-01-11 21:12:41 --> Invalid file: jac.php
#0 C:\xampp\htdocs\perum_ppd\system\View\View.php(198): CodeIgniter\Exceptions\FrameworkException::forInvalidFile('jac.php')
#1 C:\xampp\htdocs\perum_ppd\system\Common.php(1092): CodeIgniter\View\View->render('jac', Array, true)
#2 C:\xampp\htdocs\perum_ppd\app\Controllers\Services.php(25): view('jac')
#3 C:\xampp\htdocs\perum_ppd\system\CodeIgniter.php(802): App\Controllers\Services->jac()
#4 C:\xampp\htdocs\perum_ppd\system\CodeIgniter.php(399): CodeIgniter\CodeIgniter->runController(Object(App\Controllers\Services))
#5 C:\xampp\htdocs\perum_ppd\system\CodeIgniter.php(317): CodeIgniter\CodeIgniter->handleRequest(NULL, Object(Config\Cache), false)
#6 C:\xampp\htdocs\perum_ppd\index.php(37): CodeIgniter\CodeIgniter->run()
#7 {main}
CRITICAL - 2022-01-11 21:13:08 --> Invalid file: company/jac.php
#0 C:\xampp\htdocs\perum_ppd\system\View\View.php(198): CodeIgniter\Exceptions\FrameworkException::forInvalidFile('company/jac.php')
#1 C:\xampp\htdocs\perum_ppd\system\Common.php(1092): CodeIgniter\View\View->render('company/jac', Array, true)
#2 C:\xampp\htdocs\perum_ppd\app\Controllers\Services.php(26): view('company/jac')
#3 C:\xampp\htdocs\perum_ppd\system\CodeIgniter.php(802): App\Controllers\Services->jac()
#4 C:\xampp\htdocs\perum_ppd\system\CodeIgniter.php(399): CodeIgniter\CodeIgniter->runController(Object(App\Controllers\Services))
#5 C:\xampp\htdocs\perum_ppd\system\CodeIgniter.php(317): CodeIgniter\CodeIgniter->handleRequest(NULL, Object(Config\Cache), false)
#6 C:\xampp\htdocs\perum_ppd\index.php(37): CodeIgniter\CodeIgniter->run()
#7 {main}
CRITICAL - 2022-01-11 22:40:49 --> Invalid file: services/news.php
#0 C:\xampp\htdocs\perum_ppd\system\View\View.php(198): CodeIgniter\Exceptions\FrameworkException::forInvalidFile('services/news.p...')
#1 C:\xampp\htdocs\perum_ppd\system\Common.php(1092): CodeIgniter\View\View->render('services/news', Array, true)
#2 C:\xampp\htdocs\perum_ppd\app\Controllers\Publication.php(20): view('services/news')
#3 C:\xampp\htdocs\perum_ppd\system\CodeIgniter.php(802): App\Controllers\Publication->news()
#4 C:\xampp\htdocs\perum_ppd\system\CodeIgniter.php(399): CodeIgniter\CodeIgniter->runController(Object(App\Controllers\Publication))
#5 C:\xampp\htdocs\perum_ppd\system\CodeIgniter.php(317): CodeIgniter\CodeIgniter->handleRequest(NULL, Object(Config\Cache), false)
#6 C:\xampp\htdocs\perum_ppd\index.php(37): CodeIgniter\CodeIgniter->run()
#7 {main}
