CRITICAL - 2022-04-19 21:00:46 --> Class "App\Models\Users" not found
#0 C:\xampp\htdocs\perum_ppd\system\CodeIgniter.php(779): App\Controllers\Admin\AuthenticationController->__construct()
#1 C:\xampp\htdocs\perum_ppd\system\CodeIgniter.php(390): CodeIgniter\CodeIgniter->createController()
#2 C:\xampp\htdocs\perum_ppd\system\CodeIgniter.php(317): CodeIgniter\CodeIgniter->handleRequest(NULL, Object(Config\Cache), false)
#3 C:\xampp\htdocs\perum_ppd\public\index.php(37): CodeIgniter\CodeIgniter->run()
#4 C:\xampp\htdocs\perum_ppd\system\Commands\Server\rewrite.php(43): require_once('C:\\xampp\\htdocs...')
#5 {main}
CRITICAL - 2022-04-19 21:01:09 --> Class "App\Models\Users" not found
#0 C:\xampp\htdocs\perum_ppd\system\CodeIgniter.php(779): App\Controllers\Admin\AuthenticationController->__construct()
#1 C:\xampp\htdocs\perum_ppd\system\CodeIgniter.php(390): CodeIgniter\CodeIgniter->createController()
#2 C:\xampp\htdocs\perum_ppd\system\CodeIgniter.php(317): CodeIgniter\CodeIgniter->handleRequest(NULL, Object(Config\Cache), false)
#3 C:\xampp\htdocs\perum_ppd\public\index.php(37): CodeIgniter\CodeIgniter->run()
#4 C:\xampp\htdocs\perum_ppd\system\Commands\Server\rewrite.php(43): require_once('C:\\xampp\\htdocs...')
#5 {main}
CRITICAL - 2022-04-19 21:22:44 --> Invalid file: template/dashboard_template.php
#0 C:\xampp\htdocs\perum_ppd\system\View\View.php(198): CodeIgniter\Exceptions\FrameworkException::forInvalidFile('template/dashbo...')
#1 C:\xampp\htdocs\perum_ppd\system\Common.php(1092): CodeIgniter\View\View->render('template/dashbo...', Array, true)
#2 C:\xampp\htdocs\perum_ppd\app\Controllers\Admin\DashboardController.php(23): view('template/dashbo...', Array)
#3 C:\xampp\htdocs\perum_ppd\system\CodeIgniter.php(802): App\Controllers\Admin\DashboardController->index()
#4 C:\xampp\htdocs\perum_ppd\system\CodeIgniter.php(399): CodeIgniter\CodeIgniter->runController(Object(App\Controllers\Admin\DashboardController))
#5 C:\xampp\htdocs\perum_ppd\system\CodeIgniter.php(317): CodeIgniter\CodeIgniter->handleRequest(NULL, Object(Config\Cache), false)
#6 C:\xampp\htdocs\perum_ppd\public\index.php(37): CodeIgniter\CodeIgniter->run()
#7 C:\xampp\htdocs\perum_ppd\system\Commands\Server\rewrite.php(43): require_once('C:\\xampp\\htdocs...')
#8 {main}
CRITICAL - 2022-04-19 21:50:25 --> Invalid file: template/dashboard_template.php
#0 C:\xampp\htdocs\perum_ppd\system\View\View.php(198): CodeIgniter\Exceptions\FrameworkException::forInvalidFile('template/dashbo...')
#1 C:\xampp\htdocs\perum_ppd\system\Common.php(1092): CodeIgniter\View\View->render('template/dashbo...', Array, true)
#2 C:\xampp\htdocs\perum_ppd\app\Controllers\Admin\DashboardController.php(23): view('template/dashbo...', Array)
#3 C:\xampp\htdocs\perum_ppd\system\CodeIgniter.php(802): App\Controllers\Admin\DashboardController->index()
#4 C:\xampp\htdocs\perum_ppd\system\CodeIgniter.php(399): CodeIgniter\CodeIgniter->runController(Object(App\Controllers\Admin\DashboardController))
#5 C:\xampp\htdocs\perum_ppd\system\CodeIgniter.php(317): CodeIgniter\CodeIgniter->handleRequest(NULL, Object(Config\Cache), false)
#6 C:\xampp\htdocs\perum_ppd\public\index.php(37): CodeIgniter\CodeIgniter->run()
#7 C:\xampp\htdocs\perum_ppd\system\Commands\Server\rewrite.php(43): require_once('C:\\xampp\\htdocs...')
#8 {main}
CRITICAL - 2022-04-19 22:00:11 --> Invalid file: template/_partials/head.php
#0 C:\xampp\htdocs\perum_ppd\system\View\View.php(198): CodeIgniter\Exceptions\FrameworkException::forInvalidFile('template/_parti...')
#1 C:\xampp\htdocs\perum_ppd\system\View\View.php(432): CodeIgniter\View\View->render('template/_parti...', NULL, true)
#2 C:\xampp\htdocs\perum_ppd\app\Views\admin\template\dashboard_template.php(4): CodeIgniter\View\View->include('template/_parti...')
#3 C:\xampp\htdocs\perum_ppd\system\View\View.php(214): include('C:\\xampp\\htdocs...')
#4 C:\xampp\htdocs\perum_ppd\system\View\View.php(217): CodeIgniter\View\View->CodeIgniter\View\{closure}()
#5 C:\xampp\htdocs\perum_ppd\system\Common.php(1092): CodeIgniter\View\View->render('admin/template/...', Array, true)
#6 C:\xampp\htdocs\perum_ppd\app\Controllers\Admin\DashboardController.php(23): view('admin/template/...', Array)
#7 C:\xampp\htdocs\perum_ppd\system\CodeIgniter.php(802): App\Controllers\Admin\DashboardController->index()
#8 C:\xampp\htdocs\perum_ppd\system\CodeIgniter.php(399): CodeIgniter\CodeIgniter->runController(Object(App\Controllers\Admin\DashboardController))
#9 C:\xampp\htdocs\perum_ppd\system\CodeIgniter.php(317): CodeIgniter\CodeIgniter->handleRequest(NULL, Object(Config\Cache), false)
#10 C:\xampp\htdocs\perum_ppd\public\index.php(37): CodeIgniter\CodeIgniter->run()
#11 C:\xampp\htdocs\perum_ppd\system\Commands\Server\rewrite.php(43): require_once('C:\\xampp\\htdocs...')
#12 {main}
CRITICAL - 2022-04-19 22:01:07 --> Invalid file: template/_partials/head.php
#0 C:\xampp\htdocs\perum_ppd\system\View\View.php(198): CodeIgniter\Exceptions\FrameworkException::forInvalidFile('template/_parti...')
#1 C:\xampp\htdocs\perum_ppd\system\View\View.php(432): CodeIgniter\View\View->render('template/_parti...', NULL, true)
#2 C:\xampp\htdocs\perum_ppd\app\Views\admin\template\dashboard_template.php(4): CodeIgniter\View\View->include('template/_parti...')
#3 C:\xampp\htdocs\perum_ppd\system\View\View.php(214): include('C:\\xampp\\htdocs...')
#4 C:\xampp\htdocs\perum_ppd\system\View\View.php(217): CodeIgniter\View\View->CodeIgniter\View\{closure}()
#5 C:\xampp\htdocs\perum_ppd\system\Common.php(1092): CodeIgniter\View\View->render('admin/template/...', Array, true)
#6 C:\xampp\htdocs\perum_ppd\app\Controllers\Admin\DashboardController.php(23): view('admin/template/...', Array)
#7 C:\xampp\htdocs\perum_ppd\system\CodeIgniter.php(802): App\Controllers\Admin\DashboardController->index()
#8 C:\xampp\htdocs\perum_ppd\system\CodeIgniter.php(399): CodeIgniter\CodeIgniter->runController(Object(App\Controllers\Admin\DashboardController))
#9 C:\xampp\htdocs\perum_ppd\system\CodeIgniter.php(317): CodeIgniter\CodeIgniter->handleRequest(NULL, Object(Config\Cache), false)
#10 C:\xampp\htdocs\perum_ppd\public\index.php(37): CodeIgniter\CodeIgniter->run()
#11 C:\xampp\htdocs\perum_ppd\system\Commands\Server\rewrite.php(43): require_once('C:\\xampp\\htdocs...')
#12 {main}
CRITICAL - 2022-04-19 22:03:42 --> Invalid file: _partials/head.php
#0 C:\xampp\htdocs\perum_ppd\system\View\View.php(198): CodeIgniter\Exceptions\FrameworkException::forInvalidFile('_partials/head....')
#1 C:\xampp\htdocs\perum_ppd\system\View\View.php(432): CodeIgniter\View\View->render('_partials/head', NULL, true)
#2 C:\xampp\htdocs\perum_ppd\app\Views\admin\template\dashboard_template.php(4): CodeIgniter\View\View->include('_partials/head')
#3 C:\xampp\htdocs\perum_ppd\system\View\View.php(214): include('C:\\xampp\\htdocs...')
#4 C:\xampp\htdocs\perum_ppd\system\View\View.php(217): CodeIgniter\View\View->CodeIgniter\View\{closure}()
#5 C:\xampp\htdocs\perum_ppd\system\Common.php(1092): CodeIgniter\View\View->render('admin/template/...', Array, true)
#6 C:\xampp\htdocs\perum_ppd\app\Controllers\Admin\DashboardController.php(23): view('admin/template/...', Array)
#7 C:\xampp\htdocs\perum_ppd\system\CodeIgniter.php(802): App\Controllers\Admin\DashboardController->index()
#8 C:\xampp\htdocs\perum_ppd\system\CodeIgniter.php(399): CodeIgniter\CodeIgniter->runController(Object(App\Controllers\Admin\DashboardController))
#9 C:\xampp\htdocs\perum_ppd\system\CodeIgniter.php(317): CodeIgniter\CodeIgniter->handleRequest(NULL, Object(Config\Cache), false)
#10 C:\xampp\htdocs\perum_ppd\public\index.php(37): CodeIgniter\CodeIgniter->run()
#11 C:\xampp\htdocs\perum_ppd\system\Commands\Server\rewrite.php(43): require_once('C:\\xampp\\htdocs...')
#12 {main}
