CRITICAL - 2022-02-23 01:38:27 --> include(template/header): Failed to open stream: No such file or directory
#0 C:\xampp\htdocs\perum_ppd\app\Views\welcome_message.php(579): CodeIgniter\Debug\Exceptions->errorHandler(2, 'include(templat...', 'C:\\xampp\\htdocs...', 579)
#1 C:\xampp\htdocs\perum_ppd\app\Views\welcome_message.php(579): include()
#2 C:\xampp\htdocs\perum_ppd\system\View\View.php(214): include('C:\\xampp\\htdocs...')
#3 C:\xampp\htdocs\perum_ppd\system\View\View.php(217): CodeIgniter\View\View->CodeIgniter\View\{closure}()
#4 C:\xampp\htdocs\perum_ppd\system\Common.php(1092): CodeIgniter\View\View->render('welcome_message', Array, true)
#5 C:\xampp\htdocs\perum_ppd\app\Controllers\Home.php(9): view('welcome_message')
#6 C:\xampp\htdocs\perum_ppd\system\CodeIgniter.php(802): App\Controllers\Home->index()
#7 C:\xampp\htdocs\perum_ppd\system\CodeIgniter.php(399): CodeIgniter\CodeIgniter->runController(Object(App\Controllers\Home))
#8 C:\xampp\htdocs\perum_ppd\system\CodeIgniter.php(317): CodeIgniter\CodeIgniter->handleRequest(NULL, Object(Config\Cache), false)
#9 C:\xampp\htdocs\perum_ppd\index.php(37): CodeIgniter\CodeIgniter->run()
#10 {main}
CRITICAL - 2022-02-23 01:39:03 --> Invalid file: ../template/header.php
#0 C:\xampp\htdocs\perum_ppd\system\View\View.php(198): CodeIgniter\Exceptions\FrameworkException::forInvalidFile('../template/hea...')
#1 C:\xampp\htdocs\perum_ppd\system\View\View.php(432): CodeIgniter\View\View->render('../template/hea...', NULL, true)
#2 C:\xampp\htdocs\perum_ppd\app\Views\welcome_message.php(579): CodeIgniter\View\View->include('../template/hea...')
#3 C:\xampp\htdocs\perum_ppd\system\View\View.php(214): include('C:\\xampp\\htdocs...')
#4 C:\xampp\htdocs\perum_ppd\system\View\View.php(217): CodeIgniter\View\View->CodeIgniter\View\{closure}()
#5 C:\xampp\htdocs\perum_ppd\system\Common.php(1092): CodeIgniter\View\View->render('welcome_message', Array, true)
#6 C:\xampp\htdocs\perum_ppd\app\Controllers\Home.php(9): view('welcome_message')
#7 C:\xampp\htdocs\perum_ppd\system\CodeIgniter.php(802): App\Controllers\Home->index()
#8 C:\xampp\htdocs\perum_ppd\system\CodeIgniter.php(399): CodeIgniter\CodeIgniter->runController(Object(App\Controllers\Home))
#9 C:\xampp\htdocs\perum_ppd\system\CodeIgniter.php(317): CodeIgniter\CodeIgniter->handleRequest(NULL, Object(Config\Cache), false)
#10 C:\xampp\htdocs\perum_ppd\index.php(37): CodeIgniter\CodeIgniter->run()
#11 {main}
CRITICAL - 2022-02-23 01:43:54 --> include(template/preloader.php): Failed to open stream: No such file or directory
#0 C:\xampp\htdocs\perum_ppd\app\Views\welcome_message.php(7): CodeIgniter\Debug\Exceptions->errorHandler(2, 'include(templat...', 'C:\\xampp\\htdocs...', 7)
#1 C:\xampp\htdocs\perum_ppd\app\Views\welcome_message.php(7): include()
#2 C:\xampp\htdocs\perum_ppd\system\View\View.php(214): include('C:\\xampp\\htdocs...')
#3 C:\xampp\htdocs\perum_ppd\system\View\View.php(217): CodeIgniter\View\View->CodeIgniter\View\{closure}()
#4 C:\xampp\htdocs\perum_ppd\system\Common.php(1092): CodeIgniter\View\View->render('welcome_message', Array, true)
#5 C:\xampp\htdocs\perum_ppd\app\Controllers\Home.php(9): view('welcome_message')
#6 C:\xampp\htdocs\perum_ppd\system\CodeIgniter.php(802): App\Controllers\Home->index()
#7 C:\xampp\htdocs\perum_ppd\system\CodeIgniter.php(399): CodeIgniter\CodeIgniter->runController(Object(App\Controllers\Home))
#8 C:\xampp\htdocs\perum_ppd\system\CodeIgniter.php(317): CodeIgniter\CodeIgniter->handleRequest(NULL, Object(Config\Cache), false)
#9 C:\xampp\htdocs\perum_ppd\index.php(37): CodeIgniter\CodeIgniter->run()
#10 {main}
CRITICAL - 2022-02-23 02:06:00 --> include(template/footer.php): Failed to open stream: No such file or directory
#0 C:\xampp\htdocs\perum_ppd\app\Views\company\history.php(73): CodeIgniter\Debug\Exceptions->errorHandler(2, 'include(templat...', 'C:\\xampp\\htdocs...', 73)
#1 C:\xampp\htdocs\perum_ppd\app\Views\company\history.php(73): include()
#2 C:\xampp\htdocs\perum_ppd\system\View\View.php(214): include('C:\\xampp\\htdocs...')
#3 C:\xampp\htdocs\perum_ppd\system\View\View.php(217): CodeIgniter\View\View->CodeIgniter\View\{closure}()
#4 C:\xampp\htdocs\perum_ppd\system\Common.php(1092): CodeIgniter\View\View->render('company/history', Array, true)
#5 C:\xampp\htdocs\perum_ppd\app\Controllers\Company.php(25): view('company/history')
#6 C:\xampp\htdocs\perum_ppd\system\CodeIgniter.php(802): App\Controllers\Company->history()
#7 C:\xampp\htdocs\perum_ppd\system\CodeIgniter.php(399): CodeIgniter\CodeIgniter->runController(Object(App\Controllers\Company))
#8 C:\xampp\htdocs\perum_ppd\system\CodeIgniter.php(317): CodeIgniter\CodeIgniter->handleRequest(NULL, Object(Config\Cache), false)
#9 C:\xampp\htdocs\perum_ppd\index.php(37): CodeIgniter\CodeIgniter->run()
#10 {main}
CRITICAL - 2022-02-23 02:06:14 --> include(template/footer.php): Failed to open stream: No such file or directory
#0 C:\xampp\htdocs\perum_ppd\app\Views\company\history.php(73): CodeIgniter\Debug\Exceptions->errorHandler(2, 'include(templat...', 'C:\\xampp\\htdocs...', 73)
#1 C:\xampp\htdocs\perum_ppd\app\Views\company\history.php(73): include()
#2 C:\xampp\htdocs\perum_ppd\system\View\View.php(214): include('C:\\xampp\\htdocs...')
#3 C:\xampp\htdocs\perum_ppd\system\View\View.php(217): CodeIgniter\View\View->CodeIgniter\View\{closure}()
#4 C:\xampp\htdocs\perum_ppd\system\Common.php(1092): CodeIgniter\View\View->render('company/history', Array, true)
#5 C:\xampp\htdocs\perum_ppd\app\Controllers\Company.php(25): view('company/history')
#6 C:\xampp\htdocs\perum_ppd\system\CodeIgniter.php(802): App\Controllers\Company->history()
#7 C:\xampp\htdocs\perum_ppd\system\CodeIgniter.php(399): CodeIgniter\CodeIgniter->runController(Object(App\Controllers\Company))
#8 C:\xampp\htdocs\perum_ppd\system\CodeIgniter.php(317): CodeIgniter\CodeIgniter->handleRequest(NULL, Object(Config\Cache), false)
#9 C:\xampp\htdocs\perum_ppd\index.php(37): CodeIgniter\CodeIgniter->run()
#10 {main}
CRITICAL - 2022-02-23 02:06:49 --> include(template/footer.php): Failed to open stream: No such file or directory
#0 C:\xampp\htdocs\perum_ppd\app\Views\company\vision_mission.php(76): CodeIgniter\Debug\Exceptions->errorHandler(2, 'include(templat...', 'C:\\xampp\\htdocs...', 76)
#1 C:\xampp\htdocs\perum_ppd\app\Views\company\vision_mission.php(76): include()
#2 C:\xampp\htdocs\perum_ppd\system\View\View.php(214): include('C:\\xampp\\htdocs...')
#3 C:\xampp\htdocs\perum_ppd\system\View\View.php(217): CodeIgniter\View\View->CodeIgniter\View\{closure}()
#4 C:\xampp\htdocs\perum_ppd\system\Common.php(1092): CodeIgniter\View\View->render('company/vision_...', Array, true)
#5 C:\xampp\htdocs\perum_ppd\app\Controllers\Company.php(37): view('company/vision_...')
#6 C:\xampp\htdocs\perum_ppd\system\CodeIgniter.php(802): App\Controllers\Company->visi_misi()
#7 C:\xampp\htdocs\perum_ppd\system\CodeIgniter.php(399): CodeIgniter\CodeIgniter->runController(Object(App\Controllers\Company))
#8 C:\xampp\htdocs\perum_ppd\system\CodeIgniter.php(317): CodeIgniter\CodeIgniter->handleRequest(NULL, Object(Config\Cache), false)
#9 C:\xampp\htdocs\perum_ppd\index.php(37): CodeIgniter\CodeIgniter->run()
#10 {main}
CRITICAL - 2022-02-23 02:06:49 --> include(template/footer.php): Failed to open stream: No such file or directory
#0 C:\xampp\htdocs\perum_ppd\app\Views\company\vision_mission.php(76): CodeIgniter\Debug\Exceptions->errorHandler(2, 'include(templat...', 'C:\\xampp\\htdocs...', 76)
#1 C:\xampp\htdocs\perum_ppd\app\Views\company\vision_mission.php(76): include()
#2 C:\xampp\htdocs\perum_ppd\system\View\View.php(214): include('C:\\xampp\\htdocs...')
#3 C:\xampp\htdocs\perum_ppd\system\View\View.php(217): CodeIgniter\View\View->CodeIgniter\View\{closure}()
#4 C:\xampp\htdocs\perum_ppd\system\Common.php(1092): CodeIgniter\View\View->render('company/vision_...', Array, true)
#5 C:\xampp\htdocs\perum_ppd\app\Controllers\Company.php(37): view('company/vision_...')
#6 C:\xampp\htdocs\perum_ppd\system\CodeIgniter.php(802): App\Controllers\Company->visi_misi()
#7 C:\xampp\htdocs\perum_ppd\system\CodeIgniter.php(399): CodeIgniter\CodeIgniter->runController(Object(App\Controllers\Company))
#8 C:\xampp\htdocs\perum_ppd\system\CodeIgniter.php(317): CodeIgniter\CodeIgniter->handleRequest(NULL, Object(Config\Cache), false)
#9 C:\xampp\htdocs\perum_ppd\index.php(37): CodeIgniter\CodeIgniter->run()
#10 {main}
CRITICAL - 2022-02-23 02:07:12 --> include(template/footer.php): Failed to open stream: No such file or directory
#0 C:\xampp\htdocs\perum_ppd\app\Views\company\vision_mission.php(76): CodeIgniter\Debug\Exceptions->errorHandler(2, 'include(templat...', 'C:\\xampp\\htdocs...', 76)
#1 C:\xampp\htdocs\perum_ppd\app\Views\company\vision_mission.php(76): include()
#2 C:\xampp\htdocs\perum_ppd\system\View\View.php(214): include('C:\\xampp\\htdocs...')
#3 C:\xampp\htdocs\perum_ppd\system\View\View.php(217): CodeIgniter\View\View->CodeIgniter\View\{closure}()
#4 C:\xampp\htdocs\perum_ppd\system\Common.php(1092): CodeIgniter\View\View->render('company/vision_...', Array, true)
#5 C:\xampp\htdocs\perum_ppd\app\Controllers\Company.php(37): view('company/vision_...')
#6 C:\xampp\htdocs\perum_ppd\system\CodeIgniter.php(802): App\Controllers\Company->visi_misi()
#7 C:\xampp\htdocs\perum_ppd\system\CodeIgniter.php(399): CodeIgniter\CodeIgniter->runController(Object(App\Controllers\Company))
#8 C:\xampp\htdocs\perum_ppd\system\CodeIgniter.php(317): CodeIgniter\CodeIgniter->handleRequest(NULL, Object(Config\Cache), false)
#9 C:\xampp\htdocs\perum_ppd\index.php(37): CodeIgniter\CodeIgniter->run()
#10 {main}
CRITICAL - 2022-02-23 02:07:57 --> syntax error, unexpected single-quoted string "template/footer.php"
#0 C:\xampp\htdocs\perum_ppd\system\View\View.php(217): CodeIgniter\View\View->CodeIgniter\View\{closure}()
#1 C:\xampp\htdocs\perum_ppd\system\Common.php(1092): CodeIgniter\View\View->render('company/history', Array, true)
#2 C:\xampp\htdocs\perum_ppd\app\Controllers\Company.php(25): view('company/history')
#3 C:\xampp\htdocs\perum_ppd\system\CodeIgniter.php(802): App\Controllers\Company->history()
#4 C:\xampp\htdocs\perum_ppd\system\CodeIgniter.php(399): CodeIgniter\CodeIgniter->runController(Object(App\Controllers\Company))
#5 C:\xampp\htdocs\perum_ppd\system\CodeIgniter.php(317): CodeIgniter\CodeIgniter->handleRequest(NULL, Object(Config\Cache), false)
#6 C:\xampp\htdocs\perum_ppd\index.php(37): CodeIgniter\CodeIgniter->run()
#7 {main}
CRITICAL - 2022-02-23 02:08:09 --> include(template/footer.php): Failed to open stream: No such file or directory
#0 C:\xampp\htdocs\perum_ppd\app\Views\company\history.php(73): CodeIgniter\Debug\Exceptions->errorHandler(2, 'include(templat...', 'C:\\xampp\\htdocs...', 73)
#1 C:\xampp\htdocs\perum_ppd\app\Views\company\history.php(73): include()
#2 C:\xampp\htdocs\perum_ppd\system\View\View.php(214): include('C:\\xampp\\htdocs...')
#3 C:\xampp\htdocs\perum_ppd\system\View\View.php(217): CodeIgniter\View\View->CodeIgniter\View\{closure}()
#4 C:\xampp\htdocs\perum_ppd\system\Common.php(1092): CodeIgniter\View\View->render('company/history', Array, true)
#5 C:\xampp\htdocs\perum_ppd\app\Controllers\Company.php(25): view('company/history')
#6 C:\xampp\htdocs\perum_ppd\system\CodeIgniter.php(802): App\Controllers\Company->history()
#7 C:\xampp\htdocs\perum_ppd\system\CodeIgniter.php(399): CodeIgniter\CodeIgniter->runController(Object(App\Controllers\Company))
#8 C:\xampp\htdocs\perum_ppd\system\CodeIgniter.php(317): CodeIgniter\CodeIgniter->handleRequest(NULL, Object(Config\Cache), false)
#9 C:\xampp\htdocs\perum_ppd\index.php(37): CodeIgniter\CodeIgniter->run()
#10 {main}
CRITICAL - 2022-02-23 02:08:26 --> include(../template/footer.php): Failed to open stream: No such file or directory
#0 C:\xampp\htdocs\perum_ppd\app\Views\company\history.php(73): CodeIgniter\Debug\Exceptions->errorHandler(2, 'include(../temp...', 'C:\\xampp\\htdocs...', 73)
#1 C:\xampp\htdocs\perum_ppd\app\Views\company\history.php(73): include()
#2 C:\xampp\htdocs\perum_ppd\system\View\View.php(214): include('C:\\xampp\\htdocs...')
#3 C:\xampp\htdocs\perum_ppd\system\View\View.php(217): CodeIgniter\View\View->CodeIgniter\View\{closure}()
#4 C:\xampp\htdocs\perum_ppd\system\Common.php(1092): CodeIgniter\View\View->render('company/history', Array, true)
#5 C:\xampp\htdocs\perum_ppd\app\Controllers\Company.php(25): view('company/history')
#6 C:\xampp\htdocs\perum_ppd\system\CodeIgniter.php(802): App\Controllers\Company->history()
#7 C:\xampp\htdocs\perum_ppd\system\CodeIgniter.php(399): CodeIgniter\CodeIgniter->runController(Object(App\Controllers\Company))
#8 C:\xampp\htdocs\perum_ppd\system\CodeIgniter.php(317): CodeIgniter\CodeIgniter->handleRequest(NULL, Object(Config\Cache), false)
#9 C:\xampp\htdocs\perum_ppd\index.php(37): CodeIgniter\CodeIgniter->run()
#10 {main}
CRITICAL - 2022-02-23 02:08:27 --> include(../template/footer.php): Failed to open stream: No such file or directory
#0 C:\xampp\htdocs\perum_ppd\app\Views\company\history.php(73): CodeIgniter\Debug\Exceptions->errorHandler(2, 'include(../temp...', 'C:\\xampp\\htdocs...', 73)
#1 C:\xampp\htdocs\perum_ppd\app\Views\company\history.php(73): include()
#2 C:\xampp\htdocs\perum_ppd\system\View\View.php(214): include('C:\\xampp\\htdocs...')
#3 C:\xampp\htdocs\perum_ppd\system\View\View.php(217): CodeIgniter\View\View->CodeIgniter\View\{closure}()
#4 C:\xampp\htdocs\perum_ppd\system\Common.php(1092): CodeIgniter\View\View->render('company/history', Array, true)
#5 C:\xampp\htdocs\perum_ppd\app\Controllers\Company.php(25): view('company/history')
#6 C:\xampp\htdocs\perum_ppd\system\CodeIgniter.php(802): App\Controllers\Company->history()
#7 C:\xampp\htdocs\perum_ppd\system\CodeIgniter.php(399): CodeIgniter\CodeIgniter->runController(Object(App\Controllers\Company))
#8 C:\xampp\htdocs\perum_ppd\system\CodeIgniter.php(317): CodeIgniter\CodeIgniter->handleRequest(NULL, Object(Config\Cache), false)
#9 C:\xampp\htdocs\perum_ppd\index.php(37): CodeIgniter\CodeIgniter->run()
#10 {main}
CRITICAL - 2022-02-23 02:08:29 --> include(../template/footer.php): Failed to open stream: No such file or directory
#0 C:\xampp\htdocs\perum_ppd\app\Views\company\history.php(73): CodeIgniter\Debug\Exceptions->errorHandler(2, 'include(../temp...', 'C:\\xampp\\htdocs...', 73)
#1 C:\xampp\htdocs\perum_ppd\app\Views\company\history.php(73): include()
#2 C:\xampp\htdocs\perum_ppd\system\View\View.php(214): include('C:\\xampp\\htdocs...')
#3 C:\xampp\htdocs\perum_ppd\system\View\View.php(217): CodeIgniter\View\View->CodeIgniter\View\{closure}()
#4 C:\xampp\htdocs\perum_ppd\system\Common.php(1092): CodeIgniter\View\View->render('company/history', Array, true)
#5 C:\xampp\htdocs\perum_ppd\app\Controllers\Company.php(25): view('company/history')
#6 C:\xampp\htdocs\perum_ppd\system\CodeIgniter.php(802): App\Controllers\Company->history()
#7 C:\xampp\htdocs\perum_ppd\system\CodeIgniter.php(399): CodeIgniter\CodeIgniter->runController(Object(App\Controllers\Company))
#8 C:\xampp\htdocs\perum_ppd\system\CodeIgniter.php(317): CodeIgniter\CodeIgniter->handleRequest(NULL, Object(Config\Cache), false)
#9 C:\xampp\htdocs\perum_ppd\index.php(37): CodeIgniter\CodeIgniter->run()
#10 {main}
CRITICAL - 2022-02-23 02:08:30 --> include(../template/footer.php): Failed to open stream: No such file or directory
#0 C:\xampp\htdocs\perum_ppd\app\Views\company\history.php(73): CodeIgniter\Debug\Exceptions->errorHandler(2, 'include(../temp...', 'C:\\xampp\\htdocs...', 73)
#1 C:\xampp\htdocs\perum_ppd\app\Views\company\history.php(73): include()
#2 C:\xampp\htdocs\perum_ppd\system\View\View.php(214): include('C:\\xampp\\htdocs...')
#3 C:\xampp\htdocs\perum_ppd\system\View\View.php(217): CodeIgniter\View\View->CodeIgniter\View\{closure}()
#4 C:\xampp\htdocs\perum_ppd\system\Common.php(1092): CodeIgniter\View\View->render('company/history', Array, true)
#5 C:\xampp\htdocs\perum_ppd\app\Controllers\Company.php(25): view('company/history')
#6 C:\xampp\htdocs\perum_ppd\system\CodeIgniter.php(802): App\Controllers\Company->history()
#7 C:\xampp\htdocs\perum_ppd\system\CodeIgniter.php(399): CodeIgniter\CodeIgniter->runController(Object(App\Controllers\Company))
#8 C:\xampp\htdocs\perum_ppd\system\CodeIgniter.php(317): CodeIgniter\CodeIgniter->handleRequest(NULL, Object(Config\Cache), false)
#9 C:\xampp\htdocs\perum_ppd\index.php(37): CodeIgniter\CodeIgniter->run()
#10 {main}
CRITICAL - 2022-02-23 02:09:04 --> include(../template/footer.php): Failed to open stream: No such file or directory
#0 C:\xampp\htdocs\perum_ppd\app\Views\company\history.php(73): CodeIgniter\Debug\Exceptions->errorHandler(2, 'include(../temp...', 'C:\\xampp\\htdocs...', 73)
#1 C:\xampp\htdocs\perum_ppd\app\Views\company\history.php(73): include()
#2 C:\xampp\htdocs\perum_ppd\system\View\View.php(214): include('C:\\xampp\\htdocs...')
#3 C:\xampp\htdocs\perum_ppd\system\View\View.php(217): CodeIgniter\View\View->CodeIgniter\View\{closure}()
#4 C:\xampp\htdocs\perum_ppd\system\Common.php(1092): CodeIgniter\View\View->render('company/history', Array, true)
#5 C:\xampp\htdocs\perum_ppd\app\Controllers\Company.php(25): view('company/history')
#6 C:\xampp\htdocs\perum_ppd\system\CodeIgniter.php(802): App\Controllers\Company->history()
#7 C:\xampp\htdocs\perum_ppd\system\CodeIgniter.php(399): CodeIgniter\CodeIgniter->runController(Object(App\Controllers\Company))
#8 C:\xampp\htdocs\perum_ppd\system\CodeIgniter.php(317): CodeIgniter\CodeIgniter->handleRequest(NULL, Object(Config\Cache), false)
#9 C:\xampp\htdocs\perum_ppd\index.php(37): CodeIgniter\CodeIgniter->run()
#10 {main}
CRITICAL - 2022-02-23 02:09:14 --> include(../template/footer.php): Failed to open stream: No such file or directory
#0 C:\xampp\htdocs\perum_ppd\app\Views\company\history.php(73): CodeIgniter\Debug\Exceptions->errorHandler(2, 'include(../temp...', 'C:\\xampp\\htdocs...', 73)
#1 C:\xampp\htdocs\perum_ppd\app\Views\company\history.php(73): include()
#2 C:\xampp\htdocs\perum_ppd\system\View\View.php(214): include('C:\\xampp\\htdocs...')
#3 C:\xampp\htdocs\perum_ppd\system\View\View.php(217): CodeIgniter\View\View->CodeIgniter\View\{closure}()
#4 C:\xampp\htdocs\perum_ppd\system\Common.php(1092): CodeIgniter\View\View->render('company/history', Array, true)
#5 C:\xampp\htdocs\perum_ppd\app\Controllers\Company.php(25): view('company/history')
#6 C:\xampp\htdocs\perum_ppd\system\CodeIgniter.php(802): App\Controllers\Company->history()
#7 C:\xampp\htdocs\perum_ppd\system\CodeIgniter.php(399): CodeIgniter\CodeIgniter->runController(Object(App\Controllers\Company))
#8 C:\xampp\htdocs\perum_ppd\system\CodeIgniter.php(317): CodeIgniter\CodeIgniter->handleRequest(NULL, Object(Config\Cache), false)
#9 C:\xampp\htdocs\perum_ppd\index.php(37): CodeIgniter\CodeIgniter->run()
#10 {main}
CRITICAL - 2022-02-23 02:11:09 --> include(template/footer.php): Failed to open stream: No such file or directory
#0 C:\xampp\htdocs\perum_ppd\app\Views\company\history.php(129): CodeIgniter\Debug\Exceptions->errorHandler(2, 'include(templat...', 'C:\\xampp\\htdocs...', 129)
#1 C:\xampp\htdocs\perum_ppd\app\Views\company\history.php(129): include()
#2 C:\xampp\htdocs\perum_ppd\system\View\View.php(214): include('C:\\xampp\\htdocs...')
#3 C:\xampp\htdocs\perum_ppd\system\View\View.php(217): CodeIgniter\View\View->CodeIgniter\View\{closure}()
#4 C:\xampp\htdocs\perum_ppd\system\Common.php(1092): CodeIgniter\View\View->render('company/history', Array, true)
#5 C:\xampp\htdocs\perum_ppd\app\Controllers\Company.php(25): view('company/history')
#6 C:\xampp\htdocs\perum_ppd\system\CodeIgniter.php(802): App\Controllers\Company->history()
#7 C:\xampp\htdocs\perum_ppd\system\CodeIgniter.php(399): CodeIgniter\CodeIgniter->runController(Object(App\Controllers\Company))
#8 C:\xampp\htdocs\perum_ppd\system\CodeIgniter.php(317): CodeIgniter\CodeIgniter->handleRequest(NULL, Object(Config\Cache), false)
#9 C:\xampp\htdocs\perum_ppd\index.php(37): CodeIgniter\CodeIgniter->run()
#10 {main}
CRITICAL - 2022-02-23 02:11:18 --> include(template/footer): Failed to open stream: No such file or directory
#0 C:\xampp\htdocs\perum_ppd\app\Views\company\history.php(129): CodeIgniter\Debug\Exceptions->errorHandler(2, 'include(templat...', 'C:\\xampp\\htdocs...', 129)
#1 C:\xampp\htdocs\perum_ppd\app\Views\company\history.php(129): include()
#2 C:\xampp\htdocs\perum_ppd\system\View\View.php(214): include('C:\\xampp\\htdocs...')
#3 C:\xampp\htdocs\perum_ppd\system\View\View.php(217): CodeIgniter\View\View->CodeIgniter\View\{closure}()
#4 C:\xampp\htdocs\perum_ppd\system\Common.php(1092): CodeIgniter\View\View->render('company/history', Array, true)
#5 C:\xampp\htdocs\perum_ppd\app\Controllers\Company.php(25): view('company/history')
#6 C:\xampp\htdocs\perum_ppd\system\CodeIgniter.php(802): App\Controllers\Company->history()
#7 C:\xampp\htdocs\perum_ppd\system\CodeIgniter.php(399): CodeIgniter\CodeIgniter->runController(Object(App\Controllers\Company))
#8 C:\xampp\htdocs\perum_ppd\system\CodeIgniter.php(317): CodeIgniter\CodeIgniter->handleRequest(NULL, Object(Config\Cache), false)
#9 C:\xampp\htdocs\perum_ppd\index.php(37): CodeIgniter\CodeIgniter->run()
#10 {main}
CRITICAL - 2022-02-23 02:11:40 --> include(template/footer.php): Failed to open stream: No such file or directory
#0 C:\xampp\htdocs\perum_ppd\app\Views\company\history.php(129): CodeIgniter\Debug\Exceptions->errorHandler(2, 'include(templat...', 'C:\\xampp\\htdocs...', 129)
#1 C:\xampp\htdocs\perum_ppd\app\Views\company\history.php(129): include()
#2 C:\xampp\htdocs\perum_ppd\system\View\View.php(214): include('C:\\xampp\\htdocs...')
#3 C:\xampp\htdocs\perum_ppd\system\View\View.php(217): CodeIgniter\View\View->CodeIgniter\View\{closure}()
#4 C:\xampp\htdocs\perum_ppd\system\Common.php(1092): CodeIgniter\View\View->render('company/history', Array, true)
#5 C:\xampp\htdocs\perum_ppd\app\Controllers\Company.php(25): view('company/history')
#6 C:\xampp\htdocs\perum_ppd\system\CodeIgniter.php(802): App\Controllers\Company->history()
#7 C:\xampp\htdocs\perum_ppd\system\CodeIgniter.php(399): CodeIgniter\CodeIgniter->runController(Object(App\Controllers\Company))
#8 C:\xampp\htdocs\perum_ppd\system\CodeIgniter.php(317): CodeIgniter\CodeIgniter->handleRequest(NULL, Object(Config\Cache), false)
#9 C:\xampp\htdocs\perum_ppd\index.php(37): CodeIgniter\CodeIgniter->run()
#10 {main}
CRITICAL - 2022-02-23 02:12:42 --> include(template/footer.php): Failed to open stream: No such file or directory
#0 C:\xampp\htdocs\perum_ppd\app\Views\company\culture.php(43): CodeIgniter\Debug\Exceptions->errorHandler(2, 'include(templat...', 'C:\\xampp\\htdocs...', 43)
#1 C:\xampp\htdocs\perum_ppd\app\Views\company\culture.php(43): include()
#2 C:\xampp\htdocs\perum_ppd\system\View\View.php(214): include('C:\\xampp\\htdocs...')
#3 C:\xampp\htdocs\perum_ppd\system\View\View.php(217): CodeIgniter\View\View->CodeIgniter\View\{closure}()
#4 C:\xampp\htdocs\perum_ppd\system\Common.php(1092): CodeIgniter\View\View->render('company/culture', Array, true)
#5 C:\xampp\htdocs\perum_ppd\app\Controllers\Company.php(31): view('company/culture')
#6 C:\xampp\htdocs\perum_ppd\system\CodeIgniter.php(802): App\Controllers\Company->culture()
#7 C:\xampp\htdocs\perum_ppd\system\CodeIgniter.php(399): CodeIgniter\CodeIgniter->runController(Object(App\Controllers\Company))
#8 C:\xampp\htdocs\perum_ppd\system\CodeIgniter.php(317): CodeIgniter\CodeIgniter->handleRequest(NULL, Object(Config\Cache), false)
#9 C:\xampp\htdocs\perum_ppd\index.php(37): CodeIgniter\CodeIgniter->run()
#10 {main}
CRITICAL - 2022-02-23 02:13:15 --> include(template/footer.php): Failed to open stream: No such file or directory
#0 C:\xampp\htdocs\perum_ppd\app\Views\company\vision_mission.php(76): CodeIgniter\Debug\Exceptions->errorHandler(2, 'include(templat...', 'C:\\xampp\\htdocs...', 76)
#1 C:\xampp\htdocs\perum_ppd\app\Views\company\vision_mission.php(76): include()
#2 C:\xampp\htdocs\perum_ppd\system\View\View.php(214): include('C:\\xampp\\htdocs...')
#3 C:\xampp\htdocs\perum_ppd\system\View\View.php(217): CodeIgniter\View\View->CodeIgniter\View\{closure}()
#4 C:\xampp\htdocs\perum_ppd\system\Common.php(1092): CodeIgniter\View\View->render('company/vision_...', Array, true)
#5 C:\xampp\htdocs\perum_ppd\app\Controllers\Company.php(37): view('company/vision_...')
#6 C:\xampp\htdocs\perum_ppd\system\CodeIgniter.php(802): App\Controllers\Company->visi_misi()
#7 C:\xampp\htdocs\perum_ppd\system\CodeIgniter.php(399): CodeIgniter\CodeIgniter->runController(Object(App\Controllers\Company))
#8 C:\xampp\htdocs\perum_ppd\system\CodeIgniter.php(317): CodeIgniter\CodeIgniter->handleRequest(NULL, Object(Config\Cache), false)
#9 C:\xampp\htdocs\perum_ppd\index.php(37): CodeIgniter\CodeIgniter->run()
#10 {main}
