CRITICAL - 2022-05-08 21:38:47 --> Some message goes here
#0 C:\xampp\htdocs\perum_ppd\system\CodeIgniter.php(802): App\Controllers\Admin\FaqController->onAddFaq()
#1 C:\xampp\htdocs\perum_ppd\system\CodeIgniter.php(399): CodeIgniter\CodeIgniter->runController(Object(App\Controllers\Admin\FaqController))
#2 C:\xampp\htdocs\perum_ppd\system\CodeIgniter.php(317): CodeIgniter\CodeIgniter->handleRequest(NULL, Object(Config\Cache), false)
#3 C:\xampp\htdocs\perum_ppd\public\index.php(37): CodeIgniter\CodeIgniter->run()
#4 C:\xampp\htdocs\perum_ppd\system\Commands\Server\rewrite.php(43): require_once('C:\\xampp\\htdocs...')
#5 {main}
CRITICAL - 2022-05-08 21:38:49 --> Some message goes here
#0 C:\xampp\htdocs\perum_ppd\system\CodeIgniter.php(802): App\Controllers\Admin\FaqController->onAddFaq()
#1 C:\xampp\htdocs\perum_ppd\system\CodeIgniter.php(399): CodeIgniter\CodeIgniter->runController(Object(App\Controllers\Admin\FaqController))
#2 C:\xampp\htdocs\perum_ppd\system\CodeIgniter.php(317): CodeIgniter\CodeIgniter->handleRequest(NULL, Object(Config\Cache), false)
#3 C:\xampp\htdocs\perum_ppd\public\index.php(37): CodeIgniter\CodeIgniter->run()
#4 C:\xampp\htdocs\perum_ppd\system\Commands\Server\rewrite.php(43): require_once('C:\\xampp\\htdocs...')
#5 {main}
CRITICAL - 2022-05-08 21:46:53 --> Some message goes here
#0 C:\xampp\htdocs\perum_ppd\system\CodeIgniter.php(802): App\Controllers\Admin\FaqController->onAddFaq()
#1 C:\xampp\htdocs\perum_ppd\system\CodeIgniter.php(399): CodeIgniter\CodeIgniter->runController(Object(App\Controllers\Admin\FaqController))
#2 C:\xampp\htdocs\perum_ppd\system\CodeIgniter.php(317): CodeIgniter\CodeIgniter->handleRequest(NULL, Object(Config\Cache), false)
#3 C:\xampp\htdocs\perum_ppd\public\index.php(37): CodeIgniter\CodeIgniter->run()
#4 C:\xampp\htdocs\perum_ppd\system\Commands\Server\rewrite.php(43): require_once('C:\\xampp\\htdocs...')
#5 {main}
ERROR - 2022-05-08 21:47:58 --> Column 'question' cannot be null
ERROR - 2022-05-08 21:51:50 --> Column 'question' cannot be null
ERROR - 2022-05-08 21:51:51 --> Column 'question' cannot be null
ERROR - 2022-05-08 21:55:50 --> Column 'question' cannot be null
ERROR - 2022-05-08 21:59:32 --> Column 'question' cannot be null
ERROR - 2022-05-08 21:59:57 --> Column 'question' cannot be null
ERROR - 2022-05-08 22:00:56 --> Column 'question' cannot be null
ERROR - 2022-05-08 22:02:08 --> Column 'question' cannot be null
CRITICAL - 2022-05-08 22:28:11 --> Call to undefined function App\Controllers\Admin\mysql_real_escape_string()
#0 C:\xampp\htdocs\perum_ppd\system\CodeIgniter.php(802): App\Controllers\Admin\FaqController->onAddFaq()
#1 C:\xampp\htdocs\perum_ppd\system\CodeIgniter.php(399): CodeIgniter\CodeIgniter->runController(Object(App\Controllers\Admin\FaqController))
#2 C:\xampp\htdocs\perum_ppd\system\CodeIgniter.php(317): CodeIgniter\CodeIgniter->handleRequest(NULL, Object(Config\Cache), false)
#3 C:\xampp\htdocs\perum_ppd\public\index.php(37): CodeIgniter\CodeIgniter->run()
#4 C:\xampp\htdocs\perum_ppd\system\Commands\Server\rewrite.php(43): require_once('C:\\xampp\\htdocs...')
#5 {main}
CRITICAL - 2022-05-08 22:28:36 --> Call to undefined function App\Controllers\Admin\mysql_real_escape_string()
#0 C:\xampp\htdocs\perum_ppd\system\CodeIgniter.php(802): App\Controllers\Admin\FaqController->onAddFaq()
#1 C:\xampp\htdocs\perum_ppd\system\CodeIgniter.php(399): CodeIgniter\CodeIgniter->runController(Object(App\Controllers\Admin\FaqController))
#2 C:\xampp\htdocs\perum_ppd\system\CodeIgniter.php(317): CodeIgniter\CodeIgniter->handleRequest(NULL, Object(Config\Cache), false)
#3 C:\xampp\htdocs\perum_ppd\public\index.php(37): CodeIgniter\CodeIgniter->run()
#4 C:\xampp\htdocs\perum_ppd\system\Commands\Server\rewrite.php(43): require_once('C:\\xampp\\htdocs...')
#5 {main}
CRITICAL - 2022-05-08 22:38:34 --> Call to undefined function App\Controllers\Admin\mysql_prep()
#0 C:\xampp\htdocs\perum_ppd\system\CodeIgniter.php(802): App\Controllers\Admin\FaqController->onAddFaq()
#1 C:\xampp\htdocs\perum_ppd\system\CodeIgniter.php(399): CodeIgniter\CodeIgniter->runController(Object(App\Controllers\Admin\FaqController))
#2 C:\xampp\htdocs\perum_ppd\system\CodeIgniter.php(317): CodeIgniter\CodeIgniter->handleRequest(NULL, Object(Config\Cache), false)
#3 C:\xampp\htdocs\perum_ppd\public\index.php(37): CodeIgniter\CodeIgniter->run()
#4 C:\xampp\htdocs\perum_ppd\system\Commands\Server\rewrite.php(43): require_once('C:\\xampp\\htdocs...')
#5 {main}
CRITICAL - 2022-05-08 22:38:40 --> Call to undefined function App\Controllers\Admin\mysql_prep()
#0 C:\xampp\htdocs\perum_ppd\system\CodeIgniter.php(802): App\Controllers\Admin\FaqController->onAddFaq()
#1 C:\xampp\htdocs\perum_ppd\system\CodeIgniter.php(399): CodeIgniter\CodeIgniter->runController(Object(App\Controllers\Admin\FaqController))
#2 C:\xampp\htdocs\perum_ppd\system\CodeIgniter.php(317): CodeIgniter\CodeIgniter->handleRequest(NULL, Object(Config\Cache), false)
#3 C:\xampp\htdocs\perum_ppd\public\index.php(37): CodeIgniter\CodeIgniter->run()
#4 C:\xampp\htdocs\perum_ppd\system\Commands\Server\rewrite.php(43): require_once('C:\\xampp\\htdocs...')
#5 {main}
CRITICAL - 2022-05-08 22:46:33 --> Call to undefined function App\Controllers\Admin\html_entity_encode()
#0 C:\xampp\htdocs\perum_ppd\system\CodeIgniter.php(802): App\Controllers\Admin\FaqController->onAddFaq()
#1 C:\xampp\htdocs\perum_ppd\system\CodeIgniter.php(399): CodeIgniter\CodeIgniter->runController(Object(App\Controllers\Admin\FaqController))
#2 C:\xampp\htdocs\perum_ppd\system\CodeIgniter.php(317): CodeIgniter\CodeIgniter->handleRequest(NULL, Object(Config\Cache), false)
#3 C:\xampp\htdocs\perum_ppd\public\index.php(37): CodeIgniter\CodeIgniter->run()
#4 C:\xampp\htdocs\perum_ppd\system\Commands\Server\rewrite.php(43): require_once('C:\\xampp\\htdocs...')
#5 {main}
CRITICAL - 2022-05-08 22:57:36 --> Array callback must have exactly two elements
#0 C:\xampp\htdocs\perum_ppd\system\CodeIgniter.php(802): App\Controllers\Admin\FaqController->onAddFaq()
#1 C:\xampp\htdocs\perum_ppd\system\CodeIgniter.php(399): CodeIgniter\CodeIgniter->runController(Object(App\Controllers\Admin\FaqController))
#2 C:\xampp\htdocs\perum_ppd\system\CodeIgniter.php(317): CodeIgniter\CodeIgniter->handleRequest(NULL, Object(Config\Cache), false)
#3 C:\xampp\htdocs\perum_ppd\public\index.php(37): CodeIgniter\CodeIgniter->run()
#4 C:\xampp\htdocs\perum_ppd\system\Commands\Server\rewrite.php(43): require_once('C:\\xampp\\htdocs...')
#5 {main}
CRITICAL - 2022-05-08 22:57:47 --> Array callback must have exactly two elements
#0 C:\xampp\htdocs\perum_ppd\system\CodeIgniter.php(802): App\Controllers\Admin\FaqController->onAddFaq()
#1 C:\xampp\htdocs\perum_ppd\system\CodeIgniter.php(399): CodeIgniter\CodeIgniter->runController(Object(App\Controllers\Admin\FaqController))
#2 C:\xampp\htdocs\perum_ppd\system\CodeIgniter.php(317): CodeIgniter\CodeIgniter->handleRequest(NULL, Object(Config\Cache), false)
#3 C:\xampp\htdocs\perum_ppd\public\index.php(37): CodeIgniter\CodeIgniter->run()
#4 C:\xampp\htdocs\perum_ppd\system\Commands\Server\rewrite.php(43): require_once('C:\\xampp\\htdocs...')
#5 {main}
CRITICAL - 2022-05-08 22:57:50 --> Array callback must have exactly two elements
#0 C:\xampp\htdocs\perum_ppd\system\CodeIgniter.php(802): App\Controllers\Admin\FaqController->onAddFaq()
#1 C:\xampp\htdocs\perum_ppd\system\CodeIgniter.php(399): CodeIgniter\CodeIgniter->runController(Object(App\Controllers\Admin\FaqController))
#2 C:\xampp\htdocs\perum_ppd\system\CodeIgniter.php(317): CodeIgniter\CodeIgniter->handleRequest(NULL, Object(Config\Cache), false)
#3 C:\xampp\htdocs\perum_ppd\public\index.php(37): CodeIgniter\CodeIgniter->run()
#4 C:\xampp\htdocs\perum_ppd\system\Commands\Server\rewrite.php(43): require_once('C:\\xampp\\htdocs...')
#5 {main}
CRITICAL - 2022-05-08 22:58:04 --> Array callback must have exactly two elements
#0 C:\xampp\htdocs\perum_ppd\system\CodeIgniter.php(802): App\Controllers\Admin\FaqController->onAddFaq()
#1 C:\xampp\htdocs\perum_ppd\system\CodeIgniter.php(399): CodeIgniter\CodeIgniter->runController(Object(App\Controllers\Admin\FaqController))
#2 C:\xampp\htdocs\perum_ppd\system\CodeIgniter.php(317): CodeIgniter\CodeIgniter->handleRequest(NULL, Object(Config\Cache), false)
#3 C:\xampp\htdocs\perum_ppd\public\index.php(37): CodeIgniter\CodeIgniter->run()
#4 C:\xampp\htdocs\perum_ppd\system\Commands\Server\rewrite.php(43): require_once('C:\\xampp\\htdocs...')
#5 {main}
CRITICAL - 2022-05-08 22:58:51 --> Array callback must have exactly two elements
#0 C:\xampp\htdocs\perum_ppd\system\CodeIgniter.php(802): App\Controllers\Admin\FaqController->onAddFaq()
#1 C:\xampp\htdocs\perum_ppd\system\CodeIgniter.php(399): CodeIgniter\CodeIgniter->runController(Object(App\Controllers\Admin\FaqController))
#2 C:\xampp\htdocs\perum_ppd\system\CodeIgniter.php(317): CodeIgniter\CodeIgniter->handleRequest(NULL, Object(Config\Cache), false)
#3 C:\xampp\htdocs\perum_ppd\public\index.php(37): CodeIgniter\CodeIgniter->run()
#4 C:\xampp\htdocs\perum_ppd\system\Commands\Server\rewrite.php(43): require_once('C:\\xampp\\htdocs...')
#5 {main}
