CRITICAL - 2022-05-09 02:09:58 --> Call to undefined method App\Models\Faqs::getFAQ
#0 C:\xampp\htdocs\perum_ppd\app\Controllers\Admin\FaqController.php(100): CodeIgniter\Model->__call('getFAQ', Array)
#1 C:\xampp\htdocs\perum_ppd\system\CodeIgniter.php(802): App\Controllers\Admin\FaqController->onDetailFAQ('15')
#2 C:\xampp\htdocs\perum_ppd\system\CodeIgniter.php(399): CodeIgniter\CodeIgniter->runController(Object(App\Controllers\Admin\FaqController))
#3 C:\xampp\htdocs\perum_ppd\system\CodeIgniter.php(317): CodeIgniter\CodeIgniter->handleRequest(NULL, Object(Config\Cache), false)
#4 C:\xampp\htdocs\perum_ppd\public\index.php(37): CodeIgniter\CodeIgniter->run()
#5 C:\xampp\htdocs\perum_ppd\system\Commands\Server\rewrite.php(43): require_once('C:\\xampp\\htdocs...')
#6 {main}
CRITICAL - 2022-05-09 02:10:01 --> Call to undefined method App\Models\Faqs::getFAQ
#0 C:\xampp\htdocs\perum_ppd\app\Controllers\Admin\FaqController.php(100): CodeIgniter\Model->__call('getFAQ', Array)
#1 C:\xampp\htdocs\perum_ppd\system\CodeIgniter.php(802): App\Controllers\Admin\FaqController->onDetailFAQ('15')
#2 C:\xampp\htdocs\perum_ppd\system\CodeIgniter.php(399): CodeIgniter\CodeIgniter->runController(Object(App\Controllers\Admin\FaqController))
#3 C:\xampp\htdocs\perum_ppd\system\CodeIgniter.php(317): CodeIgniter\CodeIgniter->handleRequest(NULL, Object(Config\Cache), false)
#4 C:\xampp\htdocs\perum_ppd\public\index.php(37): CodeIgniter\CodeIgniter->run()
#5 C:\xampp\htdocs\perum_ppd\system\Commands\Server\rewrite.php(43): require_once('C:\\xampp\\htdocs...')
#6 {main}
CRITICAL - 2022-05-09 02:10:56 --> Call to undefined method App\Models\Faqs::getFAQ
#0 C:\xampp\htdocs\perum_ppd\app\Controllers\Admin\FaqController.php(100): CodeIgniter\Model->__call('getFAQ', Array)
#1 C:\xampp\htdocs\perum_ppd\system\CodeIgniter.php(802): App\Controllers\Admin\FaqController->onDetailFAQ('15')
#2 C:\xampp\htdocs\perum_ppd\system\CodeIgniter.php(399): CodeIgniter\CodeIgniter->runController(Object(App\Controllers\Admin\FaqController))
#3 C:\xampp\htdocs\perum_ppd\system\CodeIgniter.php(317): CodeIgniter\CodeIgniter->handleRequest(NULL, Object(Config\Cache), false)
#4 C:\xampp\htdocs\perum_ppd\public\index.php(37): CodeIgniter\CodeIgniter->run()
#5 C:\xampp\htdocs\perum_ppd\system\Commands\Server\rewrite.php(43): require_once('C:\\xampp\\htdocs...')
#6 {main}
CRITICAL - 2022-05-09 03:31:27 --> Invalid file: admin/press_release/index.php
#0 C:\xampp\htdocs\perum_ppd\system\View\View.php(198): CodeIgniter\Exceptions\FrameworkException::forInvalidFile('admin/press_rel...')
#1 C:\xampp\htdocs\perum_ppd\system\Common.php(1092): CodeIgniter\View\View->render('admin/press_rel...', Array, true)
#2 C:\xampp\htdocs\perum_ppd\app\Views\admin\template\_partials\content.php(3): view('admin/press_rel...')
#3 C:\xampp\htdocs\perum_ppd\system\View\View.php(214): include('C:\\xampp\\htdocs...')
#4 C:\xampp\htdocs\perum_ppd\system\View\View.php(217): CodeIgniter\View\View->CodeIgniter\View\{closure}()
#5 C:\xampp\htdocs\perum_ppd\system\View\View.php(432): CodeIgniter\View\View->render('admin/template/...', NULL, true)
#6 C:\xampp\htdocs\perum_ppd\app\Views\admin\template\template.php(12): CodeIgniter\View\View->include('admin/template/...')
#7 C:\xampp\htdocs\perum_ppd\system\View\View.php(214): include('C:\\xampp\\htdocs...')
#8 C:\xampp\htdocs\perum_ppd\system\View\View.php(217): CodeIgniter\View\View->CodeIgniter\View\{closure}()
#9 C:\xampp\htdocs\perum_ppd\system\Common.php(1092): CodeIgniter\View\View->render('admin/template/...', Array, true)
#10 C:\xampp\htdocs\perum_ppd\app\Controllers\Admin\PressReleaseController.php(25): view('admin/template/...', Array)
#11 C:\xampp\htdocs\perum_ppd\system\CodeIgniter.php(802): App\Controllers\Admin\PressReleaseController->index()
#12 C:\xampp\htdocs\perum_ppd\system\CodeIgniter.php(399): CodeIgniter\CodeIgniter->runController(Object(App\Controllers\Admin\PressReleaseController))
#13 C:\xampp\htdocs\perum_ppd\system\CodeIgniter.php(317): CodeIgniter\CodeIgniter->handleRequest(NULL, Object(Config\Cache), false)
#14 C:\xampp\htdocs\perum_ppd\public\index.php(37): CodeIgniter\CodeIgniter->run()
#15 C:\xampp\htdocs\perum_ppd\system\Commands\Server\rewrite.php(43): require_once('C:\\xampp\\htdocs...')
#16 {main}
CRITICAL - 2022-05-09 03:32:03 --> Invalid file: admin/press_release/index.php
#0 C:\xampp\htdocs\perum_ppd\system\View\View.php(198): CodeIgniter\Exceptions\FrameworkException::forInvalidFile('admin/press_rel...')
#1 C:\xampp\htdocs\perum_ppd\system\Common.php(1092): CodeIgniter\View\View->render('admin/press_rel...', Array, true)
#2 C:\xampp\htdocs\perum_ppd\app\Views\admin\template\_partials\content.php(3): view('admin/press_rel...')
#3 C:\xampp\htdocs\perum_ppd\system\View\View.php(214): include('C:\\xampp\\htdocs...')
#4 C:\xampp\htdocs\perum_ppd\system\View\View.php(217): CodeIgniter\View\View->CodeIgniter\View\{closure}()
#5 C:\xampp\htdocs\perum_ppd\system\View\View.php(432): CodeIgniter\View\View->render('admin/template/...', NULL, true)
#6 C:\xampp\htdocs\perum_ppd\app\Views\admin\template\template.php(12): CodeIgniter\View\View->include('admin/template/...')
#7 C:\xampp\htdocs\perum_ppd\system\View\View.php(214): include('C:\\xampp\\htdocs...')
#8 C:\xampp\htdocs\perum_ppd\system\View\View.php(217): CodeIgniter\View\View->CodeIgniter\View\{closure}()
#9 C:\xampp\htdocs\perum_ppd\system\Common.php(1092): CodeIgniter\View\View->render('admin/template/...', Array, true)
#10 C:\xampp\htdocs\perum_ppd\app\Controllers\Admin\PressReleaseController.php(25): view('admin/template/...', Array)
#11 C:\xampp\htdocs\perum_ppd\system\CodeIgniter.php(802): App\Controllers\Admin\PressReleaseController->index()
#12 C:\xampp\htdocs\perum_ppd\system\CodeIgniter.php(399): CodeIgniter\CodeIgniter->runController(Object(App\Controllers\Admin\PressReleaseController))
#13 C:\xampp\htdocs\perum_ppd\system\CodeIgniter.php(317): CodeIgniter\CodeIgniter->handleRequest(NULL, Object(Config\Cache), false)
#14 C:\xampp\htdocs\perum_ppd\public\index.php(37): CodeIgniter\CodeIgniter->run()
#15 C:\xampp\htdocs\perum_ppd\system\Commands\Server\rewrite.php(43): require_once('C:\\xampp\\htdocs...')
#16 {main}
CRITICAL - 2022-05-09 03:32:38 --> Invalid file: admin/press_release/index.php
#0 C:\xampp\htdocs\perum_ppd\system\View\View.php(198): CodeIgniter\Exceptions\FrameworkException::forInvalidFile('admin/press_rel...')
#1 C:\xampp\htdocs\perum_ppd\system\Common.php(1092): CodeIgniter\View\View->render('admin/press_rel...', Array, true)
#2 C:\xampp\htdocs\perum_ppd\app\Views\admin\template\_partials\content.php(3): view('admin/press_rel...')
#3 C:\xampp\htdocs\perum_ppd\system\View\View.php(214): include('C:\\xampp\\htdocs...')
#4 C:\xampp\htdocs\perum_ppd\system\View\View.php(217): CodeIgniter\View\View->CodeIgniter\View\{closure}()
#5 C:\xampp\htdocs\perum_ppd\system\View\View.php(432): CodeIgniter\View\View->render('admin/template/...', NULL, true)
#6 C:\xampp\htdocs\perum_ppd\app\Views\admin\template\template.php(12): CodeIgniter\View\View->include('admin/template/...')
#7 C:\xampp\htdocs\perum_ppd\system\View\View.php(214): include('C:\\xampp\\htdocs...')
#8 C:\xampp\htdocs\perum_ppd\system\View\View.php(217): CodeIgniter\View\View->CodeIgniter\View\{closure}()
#9 C:\xampp\htdocs\perum_ppd\system\Common.php(1092): CodeIgniter\View\View->render('admin/template/...', Array, true)
#10 C:\xampp\htdocs\perum_ppd\app\Controllers\Admin\PressReleaseController.php(25): view('admin/template/...', Array)
#11 C:\xampp\htdocs\perum_ppd\system\CodeIgniter.php(802): App\Controllers\Admin\PressReleaseController->index()
#12 C:\xampp\htdocs\perum_ppd\system\CodeIgniter.php(399): CodeIgniter\CodeIgniter->runController(Object(App\Controllers\Admin\PressReleaseController))
#13 C:\xampp\htdocs\perum_ppd\system\CodeIgniter.php(317): CodeIgniter\CodeIgniter->handleRequest(NULL, Object(Config\Cache), false)
#14 C:\xampp\htdocs\perum_ppd\public\index.php(37): CodeIgniter\CodeIgniter->run()
#15 C:\xampp\htdocs\perum_ppd\system\Commands\Server\rewrite.php(43): require_once('C:\\xampp\\htdocs...')
#16 {main}
CRITICAL - 2022-05-09 03:35:46 --> Invalid file: admin/press_release/index.php
#0 C:\xampp\htdocs\perum_ppd\system\View\View.php(198): CodeIgniter\Exceptions\FrameworkException::forInvalidFile('admin/press_rel...')
#1 C:\xampp\htdocs\perum_ppd\system\Common.php(1092): CodeIgniter\View\View->render('admin/press_rel...', Array, true)
#2 C:\xampp\htdocs\perum_ppd\app\Views\admin\template\_partials\content.php(3): view('admin/press_rel...')
#3 C:\xampp\htdocs\perum_ppd\system\View\View.php(214): include('C:\\xampp\\htdocs...')
#4 C:\xampp\htdocs\perum_ppd\system\View\View.php(217): CodeIgniter\View\View->CodeIgniter\View\{closure}()
#5 C:\xampp\htdocs\perum_ppd\system\View\View.php(432): CodeIgniter\View\View->render('admin/template/...', NULL, true)
#6 C:\xampp\htdocs\perum_ppd\app\Views\admin\template\template.php(12): CodeIgniter\View\View->include('admin/template/...')
#7 C:\xampp\htdocs\perum_ppd\system\View\View.php(214): include('C:\\xampp\\htdocs...')
#8 C:\xampp\htdocs\perum_ppd\system\View\View.php(217): CodeIgniter\View\View->CodeIgniter\View\{closure}()
#9 C:\xampp\htdocs\perum_ppd\system\Common.php(1092): CodeIgniter\View\View->render('admin/template/...', Array, true)
#10 C:\xampp\htdocs\perum_ppd\app\Controllers\Admin\PressReleaseController.php(23): view('admin/template/...', Array)
#11 C:\xampp\htdocs\perum_ppd\system\CodeIgniter.php(802): App\Controllers\Admin\PressReleaseController->index()
#12 C:\xampp\htdocs\perum_ppd\system\CodeIgniter.php(399): CodeIgniter\CodeIgniter->runController(Object(App\Controllers\Admin\PressReleaseController))
#13 C:\xampp\htdocs\perum_ppd\system\CodeIgniter.php(317): CodeIgniter\CodeIgniter->handleRequest(NULL, Object(Config\Cache), false)
#14 C:\xampp\htdocs\perum_ppd\public\index.php(37): CodeIgniter\CodeIgniter->run()
#15 C:\xampp\htdocs\perum_ppd\system\Commands\Server\rewrite.php(43): require_once('C:\\xampp\\htdocs...')
#16 {main}
CRITICAL - 2022-05-09 03:35:54 --> Invalid file: admin/press_release/index.php
#0 C:\xampp\htdocs\perum_ppd\system\View\View.php(198): CodeIgniter\Exceptions\FrameworkException::forInvalidFile('admin/press_rel...')
#1 C:\xampp\htdocs\perum_ppd\system\Common.php(1092): CodeIgniter\View\View->render('admin/press_rel...', Array, true)
#2 C:\xampp\htdocs\perum_ppd\app\Views\admin\template\_partials\content.php(3): view('admin/press_rel...')
#3 C:\xampp\htdocs\perum_ppd\system\View\View.php(214): include('C:\\xampp\\htdocs...')
#4 C:\xampp\htdocs\perum_ppd\system\View\View.php(217): CodeIgniter\View\View->CodeIgniter\View\{closure}()
#5 C:\xampp\htdocs\perum_ppd\system\View\View.php(432): CodeIgniter\View\View->render('admin/template/...', NULL, true)
#6 C:\xampp\htdocs\perum_ppd\app\Views\admin\template\template.php(12): CodeIgniter\View\View->include('admin/template/...')
#7 C:\xampp\htdocs\perum_ppd\system\View\View.php(214): include('C:\\xampp\\htdocs...')
#8 C:\xampp\htdocs\perum_ppd\system\View\View.php(217): CodeIgniter\View\View->CodeIgniter\View\{closure}()
#9 C:\xampp\htdocs\perum_ppd\system\Common.php(1092): CodeIgniter\View\View->render('admin/template/...', Array, true)
#10 C:\xampp\htdocs\perum_ppd\app\Controllers\Admin\PressReleaseController.php(23): view('admin/template/...', Array)
#11 C:\xampp\htdocs\perum_ppd\system\CodeIgniter.php(802): App\Controllers\Admin\PressReleaseController->index()
#12 C:\xampp\htdocs\perum_ppd\system\CodeIgniter.php(399): CodeIgniter\CodeIgniter->runController(Object(App\Controllers\Admin\PressReleaseController))
#13 C:\xampp\htdocs\perum_ppd\system\CodeIgniter.php(317): CodeIgniter\CodeIgniter->handleRequest(NULL, Object(Config\Cache), false)
#14 C:\xampp\htdocs\perum_ppd\public\index.php(37): CodeIgniter\CodeIgniter->run()
#15 C:\xampp\htdocs\perum_ppd\system\Commands\Server\rewrite.php(43): require_once('C:\\xampp\\htdocs...')
#16 {main}
CRITICAL - 2022-05-09 03:36:04 --> Invalid file: admin/press_release/index.php
#0 C:\xampp\htdocs\perum_ppd\system\View\View.php(198): CodeIgniter\Exceptions\FrameworkException::forInvalidFile('admin/press_rel...')
#1 C:\xampp\htdocs\perum_ppd\system\Common.php(1092): CodeIgniter\View\View->render('admin/press_rel...', Array, true)
#2 C:\xampp\htdocs\perum_ppd\app\Views\admin\template\_partials\content.php(3): view('admin/press_rel...')
#3 C:\xampp\htdocs\perum_ppd\system\View\View.php(214): include('C:\\xampp\\htdocs...')
#4 C:\xampp\htdocs\perum_ppd\system\View\View.php(217): CodeIgniter\View\View->CodeIgniter\View\{closure}()
#5 C:\xampp\htdocs\perum_ppd\system\View\View.php(432): CodeIgniter\View\View->render('admin/template/...', NULL, true)
#6 C:\xampp\htdocs\perum_ppd\app\Views\admin\template\template.php(12): CodeIgniter\View\View->include('admin/template/...')
#7 C:\xampp\htdocs\perum_ppd\system\View\View.php(214): include('C:\\xampp\\htdocs...')
#8 C:\xampp\htdocs\perum_ppd\system\View\View.php(217): CodeIgniter\View\View->CodeIgniter\View\{closure}()
#9 C:\xampp\htdocs\perum_ppd\system\Common.php(1092): CodeIgniter\View\View->render('admin/template/...', Array, true)
#10 C:\xampp\htdocs\perum_ppd\app\Controllers\Admin\PressReleaseController.php(23): view('admin/template/...', Array)
#11 C:\xampp\htdocs\perum_ppd\system\CodeIgniter.php(802): App\Controllers\Admin\PressReleaseController->index()
#12 C:\xampp\htdocs\perum_ppd\system\CodeIgniter.php(399): CodeIgniter\CodeIgniter->runController(Object(App\Controllers\Admin\PressReleaseController))
#13 C:\xampp\htdocs\perum_ppd\system\CodeIgniter.php(317): CodeIgniter\CodeIgniter->handleRequest(NULL, Object(Config\Cache), false)
#14 C:\xampp\htdocs\perum_ppd\public\index.php(37): CodeIgniter\CodeIgniter->run()
#15 C:\xampp\htdocs\perum_ppd\system\Commands\Server\rewrite.php(43): require_once('C:\\xampp\\htdocs...')
#16 {main}
CRITICAL - 2022-05-09 03:37:44 --> Invalid file: admin/press_release/index.php
#0 C:\xampp\htdocs\perum_ppd\system\View\View.php(198): CodeIgniter\Exceptions\FrameworkException::forInvalidFile('admin/press_rel...')
#1 C:\xampp\htdocs\perum_ppd\system\Common.php(1092): CodeIgniter\View\View->render('admin/press_rel...', Array, true)
#2 C:\xampp\htdocs\perum_ppd\app\Views\admin\template\_partials\content.php(3): view('admin/press_rel...')
#3 C:\xampp\htdocs\perum_ppd\system\View\View.php(214): include('C:\\xampp\\htdocs...')
#4 C:\xampp\htdocs\perum_ppd\system\View\View.php(217): CodeIgniter\View\View->CodeIgniter\View\{closure}()
#5 C:\xampp\htdocs\perum_ppd\system\View\View.php(432): CodeIgniter\View\View->render('admin/template/...', NULL, true)
#6 C:\xampp\htdocs\perum_ppd\app\Views\admin\template\template.php(12): CodeIgniter\View\View->include('admin/template/...')
#7 C:\xampp\htdocs\perum_ppd\system\View\View.php(214): include('C:\\xampp\\htdocs...')
#8 C:\xampp\htdocs\perum_ppd\system\View\View.php(217): CodeIgniter\View\View->CodeIgniter\View\{closure}()
#9 C:\xampp\htdocs\perum_ppd\system\Common.php(1092): CodeIgniter\View\View->render('admin/template/...', Array, true)
#10 C:\xampp\htdocs\perum_ppd\app\Controllers\Admin\PressReleaseController.php(23): view('admin/template/...', Array)
#11 C:\xampp\htdocs\perum_ppd\system\CodeIgniter.php(802): App\Controllers\Admin\PressReleaseController->index()
#12 C:\xampp\htdocs\perum_ppd\system\CodeIgniter.php(399): CodeIgniter\CodeIgniter->runController(Object(App\Controllers\Admin\PressReleaseController))
#13 C:\xampp\htdocs\perum_ppd\system\CodeIgniter.php(317): CodeIgniter\CodeIgniter->handleRequest(NULL, Object(Config\Cache), false)
#14 C:\xampp\htdocs\perum_ppd\public\index.php(37): CodeIgniter\CodeIgniter->run()
#15 C:\xampp\htdocs\perum_ppd\system\Commands\Server\rewrite.php(43): require_once('C:\\xampp\\htdocs...')
#16 {main}
